Analysis & Synthesis report for relogio
Thu Nov 05 17:07:51 2020
Quartus Prime Version 17.1.0 Build 590 10/25/2017 SJ Lite Edition


---------------------
; Table of Contents ;
---------------------
  1. Legal Notice
  2. Analysis & Synthesis Summary
  3. Analysis & Synthesis Settings
  4. Parallel Compilation
  5. Analysis & Synthesis Source Files Read
  6. Analysis & Synthesis Resource Usage Summary
  7. Analysis & Synthesis Resource Utilization by Entity
  8. Registers Removed During Synthesis
  9. Removed Registers Triggering Further Register Optimizations
 10. General Register Statistics
 11. Multiplexer Restructuring Statistics (Restructuring Performed)
 12. Parameter Settings for User Entity Instance: Top-level Entity: |relogio
 13. Parameter Settings for User Entity Instance: processador:Processador
 14. Parameter Settings for User Entity Instance: processador:Processador|registradorGenerico:PC
 15. Parameter Settings for User Entity Instance: processador:Processador|muxGenerico2x1:MuxPC
 16. Parameter Settings for User Entity Instance: processador:Processador|somaConstante:somaUm
 17. Parameter Settings for User Entity Instance: processador:Processador|memoriaROM:ROM
 18. Parameter Settings for User Entity Instance: processador:Processador|muxGenerico2x1:muxRAM_Imediato
 19. Parameter Settings for User Entity Instance: processador:Processador|bancoRegistradoresArqRegMem:BancoRegistradores
 20. Parameter Settings for User Entity Instance: processador:Processador|ULA:ULA
 21. Parameter Settings for User Entity Instance: processador:Processador|flipFlop:flagZeroFlipFlop
 22. Parameter Settings for User Entity Instance: memoriaRAM:RAM
 23. Parameter Settings for User Entity Instance: registradorGenerico:REG_SECOND_UNIT
 24. Parameter Settings for User Entity Instance: registradorGenerico:REG_SECOND_TEN
 25. Parameter Settings for User Entity Instance: registradorGenerico:REG_MINUTE_UNIT
 26. Parameter Settings for User Entity Instance: registradorGenerico:REG_MINUTE_TEN
 27. Parameter Settings for User Entity Instance: registradorGenerico:REG_HOUR_UNIT
 28. Parameter Settings for User Entity Instance: registradorGenerico:REG_HOUR_TEN
 29. Parameter Settings for User Entity Instance: divisorGenerico_e_Interface:BaseTempo|divisorGenerico:baseTempo
 30. Parameter Settings for User Entity Instance: divisorGenerico_e_Interface:BaseTempo|divisorGenerico:baseTempoRapido
 31. Parameter Settings for User Entity Instance: divisorGenerico_e_Interface:BaseTempo|flipFlop:registraUmSegundo
 32. Port Connectivity Checks: "conversorHex7Seg:DISPLAY5"
 33. Port Connectivity Checks: "conversorHex7Seg:DISPLAY4"
 34. Port Connectivity Checks: "conversorHex7Seg:DISPLAY3"
 35. Port Connectivity Checks: "conversorHex7Seg:DISPLAY2"
 36. Port Connectivity Checks: "conversorHex7Seg:DISPLAY1"
 37. Port Connectivity Checks: "conversorHex7Seg:DISPLAY0"
 38. Port Connectivity Checks: "divisorGenerico_e_Interface:BaseTempo|flipFlop:registraUmSegundo"
 39. Port Connectivity Checks: "divisorGenerico_e_Interface:BaseTempo"
 40. Port Connectivity Checks: "registradorGenerico:REG_HOUR_TEN"
 41. Port Connectivity Checks: "registradorGenerico:REG_HOUR_UNIT"
 42. Port Connectivity Checks: "registradorGenerico:REG_MINUTE_TEN"
 43. Port Connectivity Checks: "registradorGenerico:REG_MINUTE_UNIT"
 44. Port Connectivity Checks: "registradorGenerico:REG_SECOND_TEN"
 45. Port Connectivity Checks: "registradorGenerico:REG_SECOND_UNIT"
 46. Port Connectivity Checks: "decoder:Decoder"
 47. Port Connectivity Checks: "memoriaRAM:RAM"
 48. Port Connectivity Checks: "processador:Processador|flipFlop:flagZeroFlipFlop"
 49. Port Connectivity Checks: "processador:Processador|unidControl:UNIDCONTROLE"
 50. Port Connectivity Checks: "processador:Processador|memoriaROM:ROM"
 51. Port Connectivity Checks: "processador:Processador|registradorGenerico:PC"
 52. Port Connectivity Checks: "processador:Processador"
 53. Post-Synthesis Netlist Statistics for Top Partition
 54. Elapsed Time Per Partition
 55. Analysis & Synthesis Messages



----------------
; Legal Notice ;
----------------
Copyright (C) 2017  Intel Corporation. All rights reserved.
Your use of Intel Corporation's design tools, logic functions 
and other software and tools, and its AMPP partner logic 
functions, and any output files from any of the foregoing 
(including device programming or simulation files), and any 
associated documentation or information are expressly subject 
to the terms and conditions of the Intel Program License 
Subscription Agreement, the Intel Quartus Prime License Agreement,
the Intel FPGA IP License Agreement, or other applicable license
agreement, including, without limitation, that your use is for
the sole purpose of programming logic devices manufactured by
Intel and sold by Intel or its authorized distributors.  Please
refer to the applicable agreement for further details.



+-------------------------------------------------------------------------------+
; Analysis & Synthesis Summary                                                  ;
+---------------------------------+---------------------------------------------+
; Analysis & Synthesis Status     ; Successful - Thu Nov 05 17:07:51 2020       ;
; Quartus Prime Version           ; 17.1.0 Build 590 10/25/2017 SJ Lite Edition ;
; Revision Name                   ; relogio                                     ;
; Top-level Entity Name           ; relogio                                     ;
; Family                          ; Cyclone V                                   ;
; Logic utilization (in ALMs)     ; N/A                                         ;
; Total registers                 ; 0                                           ;
; Total pins                      ; 55                                          ;
; Total virtual pins              ; 0                                           ;
; Total block memory bits         ; 0                                           ;
; Total DSP Blocks                ; 0                                           ;
; Total HSSI RX PCSs              ; 0                                           ;
; Total HSSI PMA RX Deserializers ; 0                                           ;
; Total HSSI TX PCSs              ; 0                                           ;
; Total HSSI PMA TX Serializers   ; 0                                           ;
; Total PLLs                      ; 0                                           ;
; Total DLLs                      ; 0                                           ;
+---------------------------------+---------------------------------------------+


+---------------------------------------------------------------------------------------------------------------------------+
; Analysis & Synthesis Settings                                                                                             ;
+---------------------------------------------------------------------------------+--------------------+--------------------+
; Option                                                                          ; Setting            ; Default Value      ;
+---------------------------------------------------------------------------------+--------------------+--------------------+
; Device                                                                          ; 5CEBA4F23C7        ;                    ;
; Top-level entity name                                                           ; relogio            ; relogio            ;
; Family name                                                                     ; Cyclone V          ; Cyclone V          ;
; Use smart compilation                                                           ; Off                ; Off                ;
; Enable parallel Assembler and TimeQuest Timing Analyzer during compilation      ; On                 ; On                 ;
; Enable compact report table                                                     ; Off                ; Off                ;
; Restructure Multiplexers                                                        ; Auto               ; Auto               ;
; MLAB Add Timing Constraints For Mixed-Port Feed-Through Mode Setting Don't Care ; Off                ; Off                ;
; Create Debugging Nodes for IP Cores                                             ; Off                ; Off                ;
; Preserve fewer node names                                                       ; On                 ; On                 ;
; Intel FPGA IP Evaluation Mode                                                   ; Enable             ; Enable             ;
; Verilog Version                                                                 ; Verilog_2001       ; Verilog_2001       ;
; VHDL Version                                                                    ; VHDL_1993          ; VHDL_1993          ;
; State Machine Processing                                                        ; Auto               ; Auto               ;
; Safe State Machine                                                              ; Off                ; Off                ;
; Extract Verilog State Machines                                                  ; On                 ; On                 ;
; Extract VHDL State Machines                                                     ; On                 ; On                 ;
; Ignore Verilog initial constructs                                               ; Off                ; Off                ;
; Iteration limit for constant Verilog loops                                      ; 5000               ; 5000               ;
; Iteration limit for non-constant Verilog loops                                  ; 250                ; 250                ;
; Add Pass-Through Logic to Inferred RAMs                                         ; On                 ; On                 ;
; Infer RAMs from Raw Logic                                                       ; On                 ; On                 ;
; Parallel Synthesis                                                              ; On                 ; On                 ;
; DSP Block Balancing                                                             ; Auto               ; Auto               ;
; NOT Gate Push-Back                                                              ; On                 ; On                 ;
; Power-Up Don't Care                                                             ; On                 ; On                 ;
; Remove Redundant Logic Cells                                                    ; Off                ; Off                ;
; Remove Duplicate Registers                                                      ; On                 ; On                 ;
; Ignore CARRY Buffers                                                            ; Off                ; Off                ;
; Ignore CASCADE Buffers                                                          ; Off                ; Off                ;
; Ignore GLOBAL Buffers                                                           ; Off                ; Off                ;
; Ignore ROW GLOBAL Buffers                                                       ; Off                ; Off                ;
; Ignore LCELL Buffers                                                            ; Off                ; Off                ;
; Ignore SOFT Buffers                                                             ; On                 ; On                 ;
; Limit AHDL Integers to 32 Bits                                                  ; Off                ; Off                ;
; Optimization Technique                                                          ; Balanced           ; Balanced           ;
; Carry Chain Length                                                              ; 70                 ; 70                 ;
; Auto Carry Chains                                                               ; On                 ; On                 ;
; Auto Open-Drain Pins                                                            ; On                 ; On                 ;
; Perform WYSIWYG Primitive Resynthesis                                           ; Off                ; Off                ;
; Auto ROM Replacement                                                            ; On                 ; On                 ;
; Auto RAM Replacement                                                            ; On                 ; On                 ;
; Auto DSP Block Replacement                                                      ; On                 ; On                 ;
; Auto Shift Register Replacement                                                 ; Auto               ; Auto               ;
; Allow Shift Register Merging across Hierarchies                                 ; Auto               ; Auto               ;
; Auto Clock Enable Replacement                                                   ; On                 ; On                 ;
; Strict RAM Replacement                                                          ; Off                ; Off                ;
; Allow Synchronous Control Signals                                               ; On                 ; On                 ;
; Force Use of Synchronous Clear Signals                                          ; Off                ; Off                ;
; Auto Resource Sharing                                                           ; Off                ; Off                ;
; Allow Any RAM Size For Recognition                                              ; Off                ; Off                ;
; Allow Any ROM Size For Recognition                                              ; Off                ; Off                ;
; Allow Any Shift Register Size For Recognition                                   ; Off                ; Off                ;
; Use LogicLock Constraints during Resource Balancing                             ; On                 ; On                 ;
; Ignore translate_off and synthesis_off directives                               ; Off                ; Off                ;
; Timing-Driven Synthesis                                                         ; On                 ; On                 ;
; Report Parameter Settings                                                       ; On                 ; On                 ;
; Report Source Assignments                                                       ; On                 ; On                 ;
; Report Connectivity Checks                                                      ; On                 ; On                 ;
; Ignore Maximum Fan-Out Assignments                                              ; Off                ; Off                ;
; Synchronization Register Chain Length                                           ; 3                  ; 3                  ;
; Power Optimization During Synthesis                                             ; Normal compilation ; Normal compilation ;
; HDL message level                                                               ; Level2             ; Level2             ;
; Suppress Register Optimization Related Messages                                 ; Off                ; Off                ;
; Number of Removed Registers Reported in Synthesis Report                        ; 5000               ; 5000               ;
; Number of Swept Nodes Reported in Synthesis Report                              ; 5000               ; 5000               ;
; Number of Inverted Registers Reported in Synthesis Report                       ; 100                ; 100                ;
; Clock MUX Protection                                                            ; On                 ; On                 ;
; Auto Gated Clock Conversion                                                     ; Off                ; Off                ;
; Block Design Naming                                                             ; Auto               ; Auto               ;
; SDC constraint protection                                                       ; Off                ; Off                ;
; Synthesis Effort                                                                ; Auto               ; Auto               ;
; Shift Register Replacement - Allow Asynchronous Clear Signal                    ; On                 ; On                 ;
; Pre-Mapping Resynthesis Optimization                                            ; Off                ; Off                ;
; Analysis & Synthesis Message Level                                              ; Medium             ; Medium             ;
; Disable Register Merging Across Hierarchies                                     ; Auto               ; Auto               ;
; Resource Aware Inference For Block RAM                                          ; On                 ; On                 ;
; Automatic Parallel Synthesis                                                    ; On                 ; On                 ;
; Partial Reconfiguration Bitstream ID                                            ; Off                ; Off                ;
+---------------------------------------------------------------------------------+--------------------+--------------------+


+------------------------------------------+
; Parallel Compilation                     ;
+----------------------------+-------------+
; Processors                 ; Number      ;
+----------------------------+-------------+
; Number detected on machine ; 4           ;
; Maximum allowed            ; 2           ;
;                            ;             ;
; Average used               ; 1.00        ;
; Maximum used               ; 1           ;
;                            ;             ;
; Usage by Processor         ; % Time Used ;
;     Processor 1            ; 100.0%      ;
+----------------------------+-------------+


+-----------------------------------------------------------------------------------------------------------------------------------------------------------------------------------------------------------------------------+
; Analysis & Synthesis Source Files Read                                                                                                                                                                                      ;
+--------------------------------------------+-----------------+-----------------+----------------------------------------------------------------------------------------------------------------------------------+---------+
; File Name with User-Entered Path           ; Used in Netlist ; File Type       ; File Name with Absolute Path                                                                                                     ; Library ;
+--------------------------------------------+-----------------+-----------------+----------------------------------------------------------------------------------------------------------------------------------+---------+
; Components/ULA.vhd                         ; yes             ; User VHDL File  ; C:/Users/rodri/OneDrive/햞ea de Trabalho/finalfolder/relogio/Projeto/relogio_restored/Components/ULA.vhd                         ;         ;
; Components/registradorGenerico.vhd         ; yes             ; User VHDL File  ; C:/Users/rodri/OneDrive/햞ea de Trabalho/finalfolder/relogio/Projeto/relogio_restored/Components/registradorGenerico.vhd         ;         ;
; Components/muxGenerico2x1.vhd              ; yes             ; User VHDL File  ; C:/Users/rodri/OneDrive/햞ea de Trabalho/finalfolder/relogio/Projeto/relogio_restored/Components/muxGenerico2x1.vhd              ;         ;
; Components/memoriaROM.vhd                  ; yes             ; User VHDL File  ; C:/Users/rodri/OneDrive/햞ea de Trabalho/finalfolder/relogio/Projeto/relogio_restored/Components/memoriaROM.vhd                  ;         ;
; Components/memoriaRAM.vhd                  ; yes             ; User VHDL File  ; C:/Users/rodri/OneDrive/햞ea de Trabalho/finalfolder/relogio/Projeto/relogio_restored/Components/memoriaRAM.vhd                  ;         ;
; Components/flipFlop.vhd                    ; yes             ; User VHDL File  ; C:/Users/rodri/OneDrive/햞ea de Trabalho/finalfolder/relogio/Projeto/relogio_restored/Components/flipFlop.vhd                    ;         ;
; Components/divisorGenerico_e_Interface.vhd ; yes             ; User VHDL File  ; C:/Users/rodri/OneDrive/햞ea de Trabalho/finalfolder/relogio/Projeto/relogio_restored/Components/divisorGenerico_e_Interface.vhd ;         ;
; Components/divisorGenerico.vhd             ; yes             ; User VHDL File  ; C:/Users/rodri/OneDrive/햞ea de Trabalho/finalfolder/relogio/Projeto/relogio_restored/Components/divisorGenerico.vhd             ;         ;
; Components/conversorHex7Seg.vhd            ; yes             ; User VHDL File  ; C:/Users/rodri/OneDrive/햞ea de Trabalho/finalfolder/relogio/Projeto/relogio_restored/Components/conversorHex7Seg.vhd            ;         ;
; Components/bancoRegistradoresArqRegMem.vhd ; yes             ; User VHDL File  ; C:/Users/rodri/OneDrive/햞ea de Trabalho/finalfolder/relogio/Projeto/relogio_restored/Components/bancoRegistradoresArqRegMem.vhd ;         ;
; Components/unidControl.vhd                 ; yes             ; User VHDL File  ; C:/Users/rodri/OneDrive/햞ea de Trabalho/finalfolder/relogio/Projeto/relogio_restored/Components/unidControl.vhd                 ;         ;
; processador.vhd                            ; yes             ; User VHDL File  ; C:/Users/rodri/OneDrive/햞ea de Trabalho/finalfolder/relogio/Projeto/relogio_restored/processador.vhd                            ;         ;
; Components/somaConstante.vhd               ; yes             ; User VHDL File  ; C:/Users/rodri/OneDrive/햞ea de Trabalho/finalfolder/relogio/Projeto/relogio_restored/Components/somaConstante.vhd               ;         ;
; relogio.vhd                                ; yes             ; User VHDL File  ; C:/Users/rodri/OneDrive/햞ea de Trabalho/finalfolder/relogio/Projeto/relogio_restored/relogio.vhd                                ;         ;
; Components/decoder.vhd                     ; yes             ; User VHDL File  ; C:/Users/rodri/OneDrive/햞ea de Trabalho/finalfolder/relogio/Projeto/relogio_restored/Components/decoder.vhd                     ;         ;
; Components/switches.vhd                    ; yes             ; User VHDL File  ; C:/Users/rodri/OneDrive/햞ea de Trabalho/finalfolder/relogio/Projeto/relogio_restored/Components/switches.vhd                    ;         ;
; Components/buttons.vhd                     ; yes             ; User VHDL File  ; C:/Users/rodri/OneDrive/햞ea de Trabalho/finalfolder/relogio/Projeto/relogio_restored/Components/buttons.vhd                     ;         ;
+--------------------------------------------+-----------------+-----------------+----------------------------------------------------------------------------------------------------------------------------------+---------+


+--------------------------------------------------------------+
; Analysis & Synthesis Resource Usage Summary                  ;
+---------------------------------------------+----------------+
; Resource                                    ; Usage          ;
+---------------------------------------------+----------------+
; Estimate of Logic utilization (ALMs needed) ; 0              ;
;                                             ;                ;
; Combinational ALUT usage for logic          ; 0              ;
;     -- 7 input functions                    ; 0              ;
;     -- 6 input functions                    ; 0              ;
;     -- 5 input functions                    ; 0              ;
;     -- 4 input functions                    ; 0              ;
;     -- <=3 input functions                  ; 0              ;
;                                             ;                ;
; Dedicated logic registers                   ; 0              ;
;                                             ;                ;
; I/O pins                                    ; 55             ;
;                                             ;                ;
; Total DSP Blocks                            ; 0              ;
;                                             ;                ;
; Maximum fan-out node                        ; HEX0[0]~output ;
; Maximum fan-out                             ; 1              ;
; Total fan-out                               ; 55             ;
; Average fan-out                             ; 0.50           ;
+---------------------------------------------+----------------+


+----------------------------------------------------------------------------------------------------------------------------------------------------------------------------------------+
; Analysis & Synthesis Resource Utilization by Entity                                                                                                                                    ;
+----------------------------+---------------------+---------------------------+-------------------+------------+------+--------------+---------------------+-------------+--------------+
; Compilation Hierarchy Node ; Combinational ALUTs ; Dedicated Logic Registers ; Block Memory Bits ; DSP Blocks ; Pins ; Virtual Pins ; Full Hierarchy Name ; Entity Name ; Library Name ;
+----------------------------+---------------------+---------------------------+-------------------+------------+------+--------------+---------------------+-------------+--------------+
; |relogio                   ; 0 (0)               ; 0 (0)                     ; 0                 ; 0          ; 55   ; 0            ; |relogio            ; relogio     ; work         ;
+----------------------------+---------------------+---------------------------+-------------------+------------+------+--------------+---------------------+-------------+--------------+
Note: For table entries with two numbers listed, the numbers in parentheses indicate the number of resources of the given type used by the specific entity alone. The numbers listed outside of parentheses indicate the total resources of the given type used by the specific entity and all of its sub-entities in the hierarchy.


+-------------------------------------------------------------------------------------------------------------------------------------+
; Registers Removed During Synthesis                                                                                                  ;
+---------------------------------------------------------------------------------------+---------------------------------------------+
; Register name                                                                         ; Reason for Removal                          ;
+---------------------------------------------------------------------------------------+---------------------------------------------+
; registradorGenerico:REG_SECOND_UNIT|DOUT[0..3]                                        ; Stuck at GND due to stuck port clock_enable ;
; registradorGenerico:REG_SECOND_TEN|DOUT[0..3]                                         ; Stuck at GND due to stuck port clock_enable ;
; registradorGenerico:REG_MINUTE_UNIT|DOUT[0..3]                                        ; Stuck at GND due to stuck port clock_enable ;
; registradorGenerico:REG_MINUTE_TEN|DOUT[0..3]                                         ; Stuck at GND due to stuck port clock_enable ;
; registradorGenerico:REG_HOUR_UNIT|DOUT[0..3]                                          ; Stuck at GND due to stuck port clock_enable ;
; registradorGenerico:REG_HOUR_TEN|DOUT[0..3]                                           ; Stuck at GND due to stuck port clock_enable ;
; divisorGenerico_e_Interface:BaseTempo|flipFlop:registraUmSegundo|DOUT                 ; Lost fanout                                 ;
; divisorGenerico_e_Interface:BaseTempo|divisorGenerico:baseTempo|tick                  ; Lost fanout                                 ;
; divisorGenerico_e_Interface:BaseTempo|divisorGenerico:baseTempoRapido|tick            ; Lost fanout                                 ;
; divisorGenerico_e_Interface:BaseTempo|divisorGenerico:baseTempo|contador[0..24]       ; Lost fanout                                 ;
; divisorGenerico_e_Interface:BaseTempo|divisorGenerico:baseTempoRapido|contador[0..14] ; Lost fanout                                 ;
; processador:Processador|registradorGenerico:PC|DOUT[0..7]                             ; Stuck at GND due to stuck port data_in      ;
; Total Number of Removed Registers = 75                                                ;                                             ;
+---------------------------------------------------------------------------------------+---------------------------------------------+


+--------------------------------------------------------------------------------------------------------------------------------------------------------------------+
; Removed Registers Triggering Further Register Optimizations                                                                                                        ;
+---------------------------------------------+--------------------------------+-------------------------------------------------------------------------------------+
; Register name                               ; Reason for Removal             ; Registers Removed due to This Register                                              ;
+---------------------------------------------+--------------------------------+-------------------------------------------------------------------------------------+
; registradorGenerico:REG_SECOND_UNIT|DOUT[0] ; Stuck at GND                   ; divisorGenerico_e_Interface:BaseTempo|flipFlop:registraUmSegundo|DOUT,              ;
;                                             ; due to stuck port clock_enable ; divisorGenerico_e_Interface:BaseTempo|divisorGenerico:baseTempo|tick,               ;
;                                             ;                                ; divisorGenerico_e_Interface:BaseTempo|divisorGenerico:baseTempoRapido|tick,         ;
;                                             ;                                ; divisorGenerico_e_Interface:BaseTempo|divisorGenerico:baseTempo|contador[13],       ;
;                                             ;                                ; divisorGenerico_e_Interface:BaseTempo|divisorGenerico:baseTempo|contador[14],       ;
;                                             ;                                ; divisorGenerico_e_Interface:BaseTempo|divisorGenerico:baseTempo|contador[16],       ;
;                                             ;                                ; divisorGenerico_e_Interface:BaseTempo|divisorGenerico:baseTempo|contador[17],       ;
;                                             ;                                ; divisorGenerico_e_Interface:BaseTempo|divisorGenerico:baseTempo|contador[24],       ;
;                                             ;                                ; divisorGenerico_e_Interface:BaseTempo|divisorGenerico:baseTempo|contador[15],       ;
;                                             ;                                ; divisorGenerico_e_Interface:BaseTempo|divisorGenerico:baseTempo|contador[22],       ;
;                                             ;                                ; divisorGenerico_e_Interface:BaseTempo|divisorGenerico:baseTempo|contador[21],       ;
;                                             ;                                ; divisorGenerico_e_Interface:BaseTempo|divisorGenerico:baseTempo|contador[20],       ;
;                                             ;                                ; divisorGenerico_e_Interface:BaseTempo|divisorGenerico:baseTempo|contador[23],       ;
;                                             ;                                ; divisorGenerico_e_Interface:BaseTempo|divisorGenerico:baseTempo|contador[19],       ;
;                                             ;                                ; divisorGenerico_e_Interface:BaseTempo|divisorGenerico:baseTempo|contador[7],        ;
;                                             ;                                ; divisorGenerico_e_Interface:BaseTempo|divisorGenerico:baseTempo|contador[6],        ;
;                                             ;                                ; divisorGenerico_e_Interface:BaseTempo|divisorGenerico:baseTempo|contador[5],        ;
;                                             ;                                ; divisorGenerico_e_Interface:BaseTempo|divisorGenerico:baseTempo|contador[4],        ;
;                                             ;                                ; divisorGenerico_e_Interface:BaseTempo|divisorGenerico:baseTempo|contador[3],        ;
;                                             ;                                ; divisorGenerico_e_Interface:BaseTempo|divisorGenerico:baseTempo|contador[2],        ;
;                                             ;                                ; divisorGenerico_e_Interface:BaseTempo|divisorGenerico:baseTempo|contador[18],       ;
;                                             ;                                ; divisorGenerico_e_Interface:BaseTempo|divisorGenerico:baseTempo|contador[1],        ;
;                                             ;                                ; divisorGenerico_e_Interface:BaseTempo|divisorGenerico:baseTempo|contador[0],        ;
;                                             ;                                ; divisorGenerico_e_Interface:BaseTempo|divisorGenerico:baseTempo|contador[8],        ;
;                                             ;                                ; divisorGenerico_e_Interface:BaseTempo|divisorGenerico:baseTempo|contador[9],        ;
;                                             ;                                ; divisorGenerico_e_Interface:BaseTempo|divisorGenerico:baseTempo|contador[10],       ;
;                                             ;                                ; divisorGenerico_e_Interface:BaseTempo|divisorGenerico:baseTempo|contador[11],       ;
;                                             ;                                ; divisorGenerico_e_Interface:BaseTempo|divisorGenerico:baseTempo|contador[12],       ;
;                                             ;                                ; divisorGenerico_e_Interface:BaseTempo|divisorGenerico:baseTempoRapido|contador[5],  ;
;                                             ;                                ; divisorGenerico_e_Interface:BaseTempo|divisorGenerico:baseTempoRapido|contador[7],  ;
;                                             ;                                ; divisorGenerico_e_Interface:BaseTempo|divisorGenerico:baseTempoRapido|contador[4],  ;
;                                             ;                                ; divisorGenerico_e_Interface:BaseTempo|divisorGenerico:baseTempoRapido|contador[3],  ;
;                                             ;                                ; divisorGenerico_e_Interface:BaseTempo|divisorGenerico:baseTempoRapido|contador[8],  ;
;                                             ;                                ; divisorGenerico_e_Interface:BaseTempo|divisorGenerico:baseTempoRapido|contador[2],  ;
;                                             ;                                ; divisorGenerico_e_Interface:BaseTempo|divisorGenerico:baseTempoRapido|contador[9],  ;
;                                             ;                                ; divisorGenerico_e_Interface:BaseTempo|divisorGenerico:baseTempoRapido|contador[10], ;
;                                             ;                                ; divisorGenerico_e_Interface:BaseTempo|divisorGenerico:baseTempoRapido|contador[11], ;
;                                             ;                                ; divisorGenerico_e_Interface:BaseTempo|divisorGenerico:baseTempoRapido|contador[12], ;
;                                             ;                                ; divisorGenerico_e_Interface:BaseTempo|divisorGenerico:baseTempoRapido|contador[13], ;
;                                             ;                                ; divisorGenerico_e_Interface:BaseTempo|divisorGenerico:baseTempoRapido|contador[14], ;
;                                             ;                                ; divisorGenerico_e_Interface:BaseTempo|divisorGenerico:baseTempoRapido|contador[6],  ;
;                                             ;                                ; divisorGenerico_e_Interface:BaseTempo|divisorGenerico:baseTempoRapido|contador[1],  ;
;                                             ;                                ; divisorGenerico_e_Interface:BaseTempo|divisorGenerico:baseTempoRapido|contador[0]   ;
+---------------------------------------------+--------------------------------+-------------------------------------------------------------------------------------+


+------------------------------------------------------+
; General Register Statistics                          ;
+----------------------------------------------+-------+
; Statistic                                    ; Value ;
+----------------------------------------------+-------+
; Total registers                              ; 0     ;
; Number of registers using Synchronous Clear  ; 0     ;
; Number of registers using Synchronous Load   ; 0     ;
; Number of registers using Asynchronous Clear ; 0     ;
; Number of registers using Asynchronous Load  ; 0     ;
; Number of registers using Clock Enable       ; 0     ;
; Number of registers using Preset             ; 0     ;
+----------------------------------------------+-------+


+-------------------------------------------------------------------------------------------------------------------------------------------------------------------------------+
; Multiplexer Restructuring Statistics (Restructuring Performed)                                                                                                                ;
+--------------------+-----------+---------------+----------------------+------------------------+------------+-----------------------------------------------------------------+
; Multiplexer Inputs ; Bus Width ; Baseline Area ; Area if Restructured ; Saving if Restructured ; Registered ; Example Multiplexer Output                                      ;
+--------------------+-----------+---------------+----------------------+------------------------+------------+-----------------------------------------------------------------+
; 1:1                ; 8 bits    ; 0 LEs         ; 0 LEs                ; 0 LEs                  ; Yes        ; |relogio|processador:Processador|registradorGenerico:PC|DOUT[4] ;
+--------------------+-----------+---------------+----------------------+------------------------+------------+-----------------------------------------------------------------+


+-------------------------------------------------------------------------+
; Parameter Settings for User Entity Instance: Top-level Entity: |relogio ;
+----------------+-------+------------------------------------------------+
; Parameter Name ; Value ; Type                                           ;
+----------------+-------+------------------------------------------------+
; larguraDados   ; 8     ; Signed Integer                                 ;
; tamanhoRAM     ; 7     ; Signed Integer                                 ;
; tamanhoOpCode  ; 4     ; Signed Integer                                 ;
+----------------+-------+------------------------------------------------+
Note: In order to hide this table in the UI and the text report file, please set the "Show Parameter Settings in Synthesis Report" option in "Analysis and Synthesis Settings -> More Settings" to "Off".


+----------------------------------------------------------------------+
; Parameter Settings for User Entity Instance: processador:Processador ;
+----------------+-------+---------------------------------------------+
; Parameter Name ; Value ; Type                                        ;
+----------------+-------+---------------------------------------------+
; addr_width_reg ; 8     ; Signed Integer                              ;
; data_width_rom ; 16    ; Signed Integer                              ;
; addr_width_rom ; 8     ; Signed Integer                              ;
; opcode_width   ; 4     ; Signed Integer                              ;
; controle_width ; 9     ; Signed Integer                              ;
; number_of_regs ; 4     ; Signed Integer                              ;
+----------------+-------+---------------------------------------------+
Note: In order to hide this table in the UI and the text report file, please set the "Show Parameter Settings in Synthesis Report" option in "Analysis and Synthesis Settings -> More Settings" to "Off".


+---------------------------------------------------------------------------------------------+
; Parameter Settings for User Entity Instance: processador:Processador|registradorGenerico:PC ;
+----------------+-------+--------------------------------------------------------------------+
; Parameter Name ; Value ; Type                                                               ;
+----------------+-------+--------------------------------------------------------------------+
; larguradados   ; 8     ; Signed Integer                                                     ;
+----------------+-------+--------------------------------------------------------------------+
Note: In order to hide this table in the UI and the text report file, please set the "Show Parameter Settings in Synthesis Report" option in "Analysis and Synthesis Settings -> More Settings" to "Off".


+-------------------------------------------------------------------------------------------+
; Parameter Settings for User Entity Instance: processador:Processador|muxGenerico2x1:MuxPC ;
+----------------+-------+------------------------------------------------------------------+
; Parameter Name ; Value ; Type                                                             ;
+----------------+-------+------------------------------------------------------------------+
; larguradados   ; 8     ; Signed Integer                                                   ;
+----------------+-------+------------------------------------------------------------------+
Note: In order to hide this table in the UI and the text report file, please set the "Show Parameter Settings in Synthesis Report" option in "Analysis and Synthesis Settings -> More Settings" to "Off".


+-------------------------------------------------------------------------------------------+
; Parameter Settings for User Entity Instance: processador:Processador|somaConstante:somaUm ;
+----------------+-------+------------------------------------------------------------------+
; Parameter Name ; Value ; Type                                                             ;
+----------------+-------+------------------------------------------------------------------+
; larguradados   ; 8     ; Signed Integer                                                   ;
; constante      ; 1     ; Signed Integer                                                   ;
+----------------+-------+------------------------------------------------------------------+
Note: In order to hide this table in the UI and the text report file, please set the "Show Parameter Settings in Synthesis Report" option in "Analysis and Synthesis Settings -> More Settings" to "Off".


+-------------------------------------------------------------------------------------+
; Parameter Settings for User Entity Instance: processador:Processador|memoriaROM:ROM ;
+----------------+-------+------------------------------------------------------------+
; Parameter Name ; Value ; Type                                                       ;
+----------------+-------+------------------------------------------------------------+
; datawidth      ; 16    ; Signed Integer                                             ;
; addrwidth      ; 8     ; Signed Integer                                             ;
+----------------+-------+------------------------------------------------------------+
Note: In order to hide this table in the UI and the text report file, please set the "Show Parameter Settings in Synthesis Report" option in "Analysis and Synthesis Settings -> More Settings" to "Off".


+-----------------------------------------------------------------------------------------------------+
; Parameter Settings for User Entity Instance: processador:Processador|muxGenerico2x1:muxRAM_Imediato ;
+----------------+-------+----------------------------------------------------------------------------+
; Parameter Name ; Value ; Type                                                                       ;
+----------------+-------+----------------------------------------------------------------------------+
; larguradados   ; 8     ; Signed Integer                                                             ;
+----------------+-------+----------------------------------------------------------------------------+
Note: In order to hide this table in the UI and the text report file, please set the "Show Parameter Settings in Synthesis Report" option in "Analysis and Synthesis Settings -> More Settings" to "Off".


+---------------------------------------------------------------------------------------------------------------------+
; Parameter Settings for User Entity Instance: processador:Processador|bancoRegistradoresArqRegMem:BancoRegistradores ;
+---------------------+-------+---------------------------------------------------------------------------------------+
; Parameter Name      ; Value ; Type                                                                                  ;
+---------------------+-------+---------------------------------------------------------------------------------------+
; larguradados        ; 8     ; Signed Integer                                                                        ;
; larguraendbancoregs ; 4     ; Signed Integer                                                                        ;
+---------------------+-------+---------------------------------------------------------------------------------------+
Note: In order to hide this table in the UI and the text report file, please set the "Show Parameter Settings in Synthesis Report" option in "Analysis and Synthesis Settings -> More Settings" to "Off".


+------------------------------------------------------------------------------+
; Parameter Settings for User Entity Instance: processador:Processador|ULA:ULA ;
+----------------+-------+-----------------------------------------------------+
; Parameter Name ; Value ; Type                                                ;
+----------------+-------+-----------------------------------------------------+
; larguradados   ; 8     ; Signed Integer                                      ;
+----------------+-------+-----------------------------------------------------+
Note: In order to hide this table in the UI and the text report file, please set the "Show Parameter Settings in Synthesis Report" option in "Analysis and Synthesis Settings -> More Settings" to "Off".


+------------------------------------------------------------------------------------------------+
; Parameter Settings for User Entity Instance: processador:Processador|flipFlop:flagZeroFlipFlop ;
+----------------+-------+-----------------------------------------------------------------------+
; Parameter Name ; Value ; Type                                                                  ;
+----------------+-------+-----------------------------------------------------------------------+
; larguradados   ; 8     ; Signed Integer                                                        ;
+----------------+-------+-----------------------------------------------------------------------+
Note: In order to hide this table in the UI and the text report file, please set the "Show Parameter Settings in Synthesis Report" option in "Analysis and Synthesis Settings -> More Settings" to "Off".


+-------------------------------------------------------------+
; Parameter Settings for User Entity Instance: memoriaRAM:RAM ;
+----------------+-------+------------------------------------+
; Parameter Name ; Value ; Type                               ;
+----------------+-------+------------------------------------+
; datawidth      ; 8     ; Signed Integer                     ;
; addrwidth      ; 7     ; Signed Integer                     ;
+----------------+-------+------------------------------------+
Note: In order to hide this table in the UI and the text report file, please set the "Show Parameter Settings in Synthesis Report" option in "Analysis and Synthesis Settings -> More Settings" to "Off".


+----------------------------------------------------------------------------------+
; Parameter Settings for User Entity Instance: registradorGenerico:REG_SECOND_UNIT ;
+----------------+-------+---------------------------------------------------------+
; Parameter Name ; Value ; Type                                                    ;
+----------------+-------+---------------------------------------------------------+
; larguradados   ; 4     ; Signed Integer                                          ;
+----------------+-------+---------------------------------------------------------+
Note: In order to hide this table in the UI and the text report file, please set the "Show Parameter Settings in Synthesis Report" option in "Analysis and Synthesis Settings -> More Settings" to "Off".


+---------------------------------------------------------------------------------+
; Parameter Settings for User Entity Instance: registradorGenerico:REG_SECOND_TEN ;
+----------------+-------+--------------------------------------------------------+
; Parameter Name ; Value ; Type                                                   ;
+----------------+-------+--------------------------------------------------------+
; larguradados   ; 4     ; Signed Integer                                         ;
+----------------+-------+--------------------------------------------------------+
Note: In order to hide this table in the UI and the text report file, please set the "Show Parameter Settings in Synthesis Report" option in "Analysis and Synthesis Settings -> More Settings" to "Off".


+----------------------------------------------------------------------------------+
; Parameter Settings for User Entity Instance: registradorGenerico:REG_MINUTE_UNIT ;
+----------------+-------+---------------------------------------------------------+
; Parameter Name ; Value ; Type                                                    ;
+----------------+-------+---------------------------------------------------------+
; larguradados   ; 4     ; Signed Integer                                          ;
+----------------+-------+---------------------------------------------------------+
Note: In order to hide this table in the UI and the text report file, please set the "Show Parameter Settings in Synthesis Report" option in "Analysis and Synthesis Settings -> More Settings" to "Off".


+---------------------------------------------------------------------------------+
; Parameter Settings for User Entity Instance: registradorGenerico:REG_MINUTE_TEN ;
+----------------+-------+--------------------------------------------------------+
; Parameter Name ; Value ; Type                                                   ;
+----------------+-------+--------------------------------------------------------+
; larguradados   ; 4     ; Signed Integer                                         ;
+----------------+-------+--------------------------------------------------------+
Note: In order to hide this table in the UI and the text report file, please set the "Show Parameter Settings in Synthesis Report" option in "Analysis and Synthesis Settings -> More Settings" to "Off".


+--------------------------------------------------------------------------------+
; Parameter Settings for User Entity Instance: registradorGenerico:REG_HOUR_UNIT ;
+----------------+-------+-------------------------------------------------------+
; Parameter Name ; Value ; Type                                                  ;
+----------------+-------+-------------------------------------------------------+
; larguradados   ; 4     ; Signed Integer                                        ;
+----------------+-------+-------------------------------------------------------+
Note: In order to hide this table in the UI and the text report file, please set the "Show Parameter Settings in Synthesis Report" option in "Analysis and Synthesis Settings -> More Settings" to "Off".


+-------------------------------------------------------------------------------+
; Parameter Settings for User Entity Instance: registradorGenerico:REG_HOUR_TEN ;
+----------------+-------+------------------------------------------------------+
; Parameter Name ; Value ; Type                                                 ;
+----------------+-------+------------------------------------------------------+
; larguradados   ; 4     ; Signed Integer                                       ;
+----------------+-------+------------------------------------------------------+
Note: In order to hide this table in the UI and the text report file, please set the "Show Parameter Settings in Synthesis Report" option in "Analysis and Synthesis Settings -> More Settings" to "Off".


+--------------------------------------------------------------------------------------------------------------+
; Parameter Settings for User Entity Instance: divisorGenerico_e_Interface:BaseTempo|divisorGenerico:baseTempo ;
+----------------+----------+----------------------------------------------------------------------------------+
; Parameter Name ; Value    ; Type                                                                             ;
+----------------+----------+----------------------------------------------------------------------------------+
; divisor        ; 25000000 ; Signed Integer                                                                   ;
+----------------+----------+----------------------------------------------------------------------------------+
Note: In order to hide this table in the UI and the text report file, please set the "Show Parameter Settings in Synthesis Report" option in "Analysis and Synthesis Settings -> More Settings" to "Off".


+--------------------------------------------------------------------------------------------------------------------+
; Parameter Settings for User Entity Instance: divisorGenerico_e_Interface:BaseTempo|divisorGenerico:baseTempoRapido ;
+----------------+-------+-------------------------------------------------------------------------------------------+
; Parameter Name ; Value ; Type                                                                                      ;
+----------------+-------+-------------------------------------------------------------------------------------------+
; divisor        ; 25000 ; Signed Integer                                                                            ;
+----------------+-------+-------------------------------------------------------------------------------------------+
Note: In order to hide this table in the UI and the text report file, please set the "Show Parameter Settings in Synthesis Report" option in "Analysis and Synthesis Settings -> More Settings" to "Off".


+---------------------------------------------------------------------------------------------------------------+
; Parameter Settings for User Entity Instance: divisorGenerico_e_Interface:BaseTempo|flipFlop:registraUmSegundo ;
+----------------+-------+--------------------------------------------------------------------------------------+
; Parameter Name ; Value ; Type                                                                                 ;
+----------------+-------+--------------------------------------------------------------------------------------+
; larguradados   ; 8     ; Signed Integer                                                                       ;
+----------------+-------+--------------------------------------------------------------------------------------+
Note: In order to hide this table in the UI and the text report file, please set the "Show Parameter Settings in Synthesis Report" option in "Analysis and Synthesis Settings -> More Settings" to "Off".


+-------------------------------------------------------+
; Port Connectivity Checks: "conversorHex7Seg:DISPLAY5" ;
+----------+-------+----------+-------------------------+
; Port     ; Type  ; Severity ; Details                 ;
+----------+-------+----------+-------------------------+
; apaga    ; Input ; Info     ; Stuck at GND            ;
; negativo ; Input ; Info     ; Stuck at GND            ;
; overflow ; Input ; Info     ; Stuck at GND            ;
+----------+-------+----------+-------------------------+


+-------------------------------------------------------+
; Port Connectivity Checks: "conversorHex7Seg:DISPLAY4" ;
+----------+-------+----------+-------------------------+
; Port     ; Type  ; Severity ; Details                 ;
+----------+-------+----------+-------------------------+
; apaga    ; Input ; Info     ; Stuck at GND            ;
; negativo ; Input ; Info     ; Stuck at GND            ;
; overflow ; Input ; Info     ; Stuck at GND            ;
+----------+-------+----------+-------------------------+


+-------------------------------------------------------+
; Port Connectivity Checks: "conversorHex7Seg:DISPLAY3" ;
+----------+-------+----------+-------------------------+
; Port     ; Type  ; Severity ; Details                 ;
+----------+-------+----------+-------------------------+
; apaga    ; Input ; Info     ; Stuck at GND            ;
; negativo ; Input ; Info     ; Stuck at GND            ;
; overflow ; Input ; Info     ; Stuck at GND            ;
+----------+-------+----------+-------------------------+


+-------------------------------------------------------+
; Port Connectivity Checks: "conversorHex7Seg:DISPLAY2" ;
+----------+-------+----------+-------------------------+
; Port     ; Type  ; Severity ; Details                 ;
+----------+-------+----------+-------------------------+
; apaga    ; Input ; Info     ; Stuck at GND            ;
; negativo ; Input ; Info     ; Stuck at GND            ;
; overflow ; Input ; Info     ; Stuck at GND            ;
+----------+-------+----------+-------------------------+


+-------------------------------------------------------+
; Port Connectivity Checks: "conversorHex7Seg:DISPLAY1" ;
+----------+-------+----------+-------------------------+
; Port     ; Type  ; Severity ; Details                 ;
+----------+-------+----------+-------------------------+
; apaga    ; Input ; Info     ; Stuck at GND            ;
; negativo ; Input ; Info     ; Stuck at GND            ;
; overflow ; Input ; Info     ; Stuck at GND            ;
+----------+-------+----------+-------------------------+


+-------------------------------------------------------+
; Port Connectivity Checks: "conversorHex7Seg:DISPLAY0" ;
+----------+-------+----------+-------------------------+
; Port     ; Type  ; Severity ; Details                 ;
+----------+-------+----------+-------------------------+
; apaga    ; Input ; Info     ; Stuck at GND            ;
; negativo ; Input ; Info     ; Stuck at GND            ;
; overflow ; Input ; Info     ; Stuck at GND            ;
+----------+-------+----------+-------------------------+


+----------------------------------------------------------------------------------------------+
; Port Connectivity Checks: "divisorGenerico_e_Interface:BaseTempo|flipFlop:registraUmSegundo" ;
+--------+-------+----------+------------------------------------------------------------------+
; Port   ; Type  ; Severity ; Details                                                          ;
+--------+-------+----------+------------------------------------------------------------------+
; din    ; Input ; Info     ; Stuck at VCC                                                     ;
; enable ; Input ; Info     ; Stuck at VCC                                                     ;
+--------+-------+----------+------------------------------------------------------------------+


+----------------------------------------------------------------------------------------------------------------------------------+
; Port Connectivity Checks: "divisorGenerico_e_Interface:BaseTempo"                                                                ;
+------------------------+--------+----------+-------------------------------------------------------------------------------------+
; Port                   ; Type   ; Severity ; Details                                                                             ;
+------------------------+--------+----------+-------------------------------------------------------------------------------------+
; leituraumsegundo[7..4] ; Output ; Info     ; Connected to dangling logic. Logic that only feeds a dangling port will be removed. ;
+------------------------+--------+----------+-------------------------------------------------------------------------------------+


+--------------------------------------------------------------+
; Port Connectivity Checks: "registradorGenerico:REG_HOUR_TEN" ;
+------+-------+----------+------------------------------------+
; Port ; Type  ; Severity ; Details                            ;
+------+-------+----------+------------------------------------+
; rst  ; Input ; Info     ; Stuck at GND                       ;
+------+-------+----------+------------------------------------+


+---------------------------------------------------------------+
; Port Connectivity Checks: "registradorGenerico:REG_HOUR_UNIT" ;
+------+-------+----------+-------------------------------------+
; Port ; Type  ; Severity ; Details                             ;
+------+-------+----------+-------------------------------------+
; rst  ; Input ; Info     ; Stuck at GND                        ;
+------+-------+----------+-------------------------------------+


+----------------------------------------------------------------+
; Port Connectivity Checks: "registradorGenerico:REG_MINUTE_TEN" ;
+------+-------+----------+--------------------------------------+
; Port ; Type  ; Severity ; Details                              ;
+------+-------+----------+--------------------------------------+
; rst  ; Input ; Info     ; Stuck at GND                         ;
+------+-------+----------+--------------------------------------+


+-----------------------------------------------------------------+
; Port Connectivity Checks: "registradorGenerico:REG_MINUTE_UNIT" ;
+------+-------+----------+---------------------------------------+
; Port ; Type  ; Severity ; Details                               ;
+------+-------+----------+---------------------------------------+
; rst  ; Input ; Info     ; Stuck at GND                          ;
+------+-------+----------+---------------------------------------+


+----------------------------------------------------------------+
; Port Connectivity Checks: "registradorGenerico:REG_SECOND_TEN" ;
+------+-------+----------+--------------------------------------+
; Port ; Type  ; Severity ; Details                              ;
+------+-------+----------+--------------------------------------+
; rst  ; Input ; Info     ; Stuck at GND                         ;
+------+-------+----------+--------------------------------------+


+-----------------------------------------------------------------+
; Port Connectivity Checks: "registradorGenerico:REG_SECOND_UNIT" ;
+------+-------+----------+---------------------------------------+
; Port ; Type  ; Severity ; Details                               ;
+------+-------+----------+---------------------------------------+
; rst  ; Input ; Info     ; Stuck at GND                          ;
+------+-------+----------+---------------------------------------+


+--------------------------------------------------------------------------------------------------------------------------+
; Port Connectivity Checks: "decoder:Decoder"                                                                              ;
+----------------+--------+----------+-------------------------------------------------------------------------------------+
; Port           ; Type   ; Severity ; Details                                                                             ;
+----------------+--------+----------+-------------------------------------------------------------------------------------+
; enableswitches ; Output ; Info     ; Connected to dangling logic. Logic that only feeds a dangling port will be removed. ;
; enablebuttons  ; Output ; Info     ; Connected to dangling logic. Logic that only feeds a dangling port will be removed. ;
+----------------+--------+----------+-------------------------------------------------------------------------------------+


+--------------------------------------------------------------------------------------------------------------------------+
; Port Connectivity Checks: "memoriaRAM:RAM"                                                                               ;
+----------------+--------+----------+-------------------------------------------------------------------------------------+
; Port           ; Type   ; Severity ; Details                                                                             ;
+----------------+--------+----------+-------------------------------------------------------------------------------------+
; dado_out[7..4] ; Output ; Info     ; Connected to dangling logic. Logic that only feeds a dangling port will be removed. ;
+----------------+--------+----------+-------------------------------------------------------------------------------------+


+-------------------------------------------------------------------------------+
; Port Connectivity Checks: "processador:Processador|flipFlop:flagZeroFlipFlop" ;
+------+-------+----------+-----------------------------------------------------+
; Port ; Type  ; Severity ; Details                                             ;
+------+-------+----------+-----------------------------------------------------+
; rst  ; Input ; Info     ; Stuck at GND                                        ;
+------+-------+----------+-----------------------------------------------------+


+----------------------------------------------------------------------------------------------------------------------------------+
; Port Connectivity Checks: "processador:Processador|unidControl:UNIDCONTROLE"                                                     ;
+------------------------+--------+----------+-------------------------------------------------------------------------------------+
; Port                   ; Type   ; Severity ; Details                                                                             ;
+------------------------+--------+----------+-------------------------------------------------------------------------------------+
; pontosdecontrole[8..3] ; Output ; Info     ; Connected to dangling logic. Logic that only feeds a dangling port will be removed. ;
; pontosdecontrole[1..0] ; Output ; Info     ; Connected to dangling logic. Logic that only feeds a dangling port will be removed. ;
+------------------------+--------+----------+-------------------------------------------------------------------------------------+


+----------------------------------------------------------------------------------------------------------------+
; Port Connectivity Checks: "processador:Processador|memoriaROM:ROM"                                             ;
+------+--------+----------+-------------------------------------------------------------------------------------+
; Port ; Type   ; Severity ; Details                                                                             ;
+------+--------+----------+-------------------------------------------------------------------------------------+
; dado ; Output ; Info     ; Connected to dangling logic. Logic that only feeds a dangling port will be removed. ;
+------+--------+----------+-------------------------------------------------------------------------------------+


+----------------------------------------------------------------------------+
; Port Connectivity Checks: "processador:Processador|registradorGenerico:PC" ;
+--------+-------+----------+------------------------------------------------+
; Port   ; Type  ; Severity ; Details                                        ;
+--------+-------+----------+------------------------------------------------+
; enable ; Input ; Info     ; Stuck at VCC                                   ;
; rst    ; Input ; Info     ; Stuck at GND                                   ;
+--------+-------+----------+------------------------------------------------+


+-------------------------------------------------------------------------------------------------------------------------+
; Port Connectivity Checks: "processador:Processador"                                                                     ;
+---------------+--------+----------+-------------------------------------------------------------------------------------+
; Port          ; Type   ; Severity ; Details                                                                             ;
+---------------+--------+----------+-------------------------------------------------------------------------------------+
; address[7]    ; Output ; Info     ; Connected to dangling logic. Logic that only feeds a dangling port will be removed. ;
; dataout[7..4] ; Output ; Info     ; Connected to dangling logic. Logic that only feeds a dangling port will be removed. ;
+---------------+--------+----------+-------------------------------------------------------------------------------------+


+-----------------------------------------------------+
; Post-Synthesis Netlist Statistics for Top Partition ;
+-----------------------+-----------------------------+
; Type                  ; Count                       ;
+-----------------------+-----------------------------+
; arriav_lcell_comb     ; 2                           ;
;     normal            ; 2                           ;
;         0 data inputs ; 2                           ;
; boundary_port         ; 55                          ;
;                       ;                             ;
; Max LUT depth         ; 0.00                        ;
; Average LUT depth     ; 0.00                        ;
+-----------------------+-----------------------------+


+-------------------------------+
; Elapsed Time Per Partition    ;
+----------------+--------------+
; Partition Name ; Elapsed Time ;
+----------------+--------------+
; Top            ; 00:00:00     ;
+----------------+--------------+


+-------------------------------+
; Analysis & Synthesis Messages ;
+-------------------------------+
Info: *******************************************************************
Info: Running Quartus Prime Analysis & Synthesis
    Info: Version 17.1.0 Build 590 10/25/2017 SJ Lite Edition
    Info: Processing started: Thu Nov 05 17:07:31 2020
Info: Command: quartus_map --read_settings_files=on --write_settings_files=off relogio -c relogio
Warning (18236): Number of processors has not been specified which may cause overloading on shared machines.  Set the global assignment NUM_PARALLEL_PROCESSORS in your QSF to an appropriate value for best performance.
Info (20030): Parallel compilation is enabled and will use 2 of the 2 processors detected
Info (12021): Found 2 design units, including 1 entities, in source file components/ula.vhd
    Info (12022): Found design unit 1: ULA-comportamento File: C:/Users/rodri/OneDrive/햞ea de Trabalho/finalfolder/relogio/Projeto/relogio_restored/Components/ULA.vhd Line: 19
    Info (12023): Found entity 1: ULA File: C:/Users/rodri/OneDrive/햞ea de Trabalho/finalfolder/relogio/Projeto/relogio_restored/Components/ULA.vhd Line: 5
Info (12021): Found 2 design units, including 1 entities, in source file components/somadorgenerico.vhd
    Info (12022): Found design unit 1: somadorGenerico-comportamento File: C:/Users/rodri/OneDrive/햞ea de Trabalho/finalfolder/relogio/Projeto/relogio_restored/Components/somadorGenerico.vhd Line: 17
    Info (12023): Found entity 1: somadorGenerico File: C:/Users/rodri/OneDrive/햞ea de Trabalho/finalfolder/relogio/Projeto/relogio_restored/Components/somadorGenerico.vhd Line: 5
Info (12021): Found 2 design units, including 1 entities, in source file components/registradorgenerico.vhd
    Info (12022): Found design unit 1: registradorGenerico-comportamento File: C:/Users/rodri/OneDrive/햞ea de Trabalho/finalfolder/relogio/Projeto/relogio_restored/Components/registradorGenerico.vhd Line: 15
    Info (12023): Found entity 1: registradorGenerico File: C:/Users/rodri/OneDrive/햞ea de Trabalho/finalfolder/relogio/Projeto/relogio_restored/Components/registradorGenerico.vhd Line: 4
Info (12021): Found 2 design units, including 1 entities, in source file components/muxgenerico2x1.vhd
    Info (12022): Found design unit 1: muxGenerico2x1-comportamento File: C:/Users/rodri/OneDrive/햞ea de Trabalho/finalfolder/relogio/Projeto/relogio_restored/Components/muxGenerico2x1.vhd Line: 14
    Info (12023): Found entity 1: muxGenerico2x1 File: C:/Users/rodri/OneDrive/햞ea de Trabalho/finalfolder/relogio/Projeto/relogio_restored/Components/muxGenerico2x1.vhd Line: 4
Info (12021): Found 2 design units, including 1 entities, in source file components/memoriarom.vhd
    Info (12022): Found design unit 1: memoriaROM-assincrona File: C:/Users/rodri/OneDrive/햞ea de Trabalho/finalfolder/relogio/Projeto/relogio_restored/Components/memoriaROM.vhd Line: 16
    Info (12023): Found entity 1: memoriaROM File: C:/Users/rodri/OneDrive/햞ea de Trabalho/finalfolder/relogio/Projeto/relogio_restored/Components/memoriaROM.vhd Line: 5
Info (12021): Found 2 design units, including 1 entities, in source file components/memoriaram.vhd
    Info (12022): Found design unit 1: memoriaRAM-rtl File: C:/Users/rodri/OneDrive/햞ea de Trabalho/finalfolder/relogio/Projeto/relogio_restored/Components/memoriaRAM.vhd Line: 21
    Info (12023): Found entity 1: memoriaRAM File: C:/Users/rodri/OneDrive/햞ea de Trabalho/finalfolder/relogio/Projeto/relogio_restored/Components/memoriaRAM.vhd Line: 5
Info (12021): Found 2 design units, including 1 entities, in source file components/flipflop.vhd
    Info (12022): Found design unit 1: flipFlop-comportamento File: C:/Users/rodri/OneDrive/햞ea de Trabalho/finalfolder/relogio/Projeto/relogio_restored/Components/flipFlop.vhd Line: 16
    Info (12023): Found entity 1: flipFlop File: C:/Users/rodri/OneDrive/햞ea de Trabalho/finalfolder/relogio/Projeto/relogio_restored/Components/flipFlop.vhd Line: 4
Info (12021): Found 2 design units, including 1 entities, in source file components/divisorgenerico_e_interface.vhd
    Info (12022): Found design unit 1: divisorGenerico_e_Interface-interface File: C:/Users/rodri/OneDrive/햞ea de Trabalho/finalfolder/relogio/Projeto/relogio_restored/Components/divisorGenerico_e_Interface.vhd Line: 14
    Info (12023): Found entity 1: divisorGenerico_e_Interface File: C:/Users/rodri/OneDrive/햞ea de Trabalho/finalfolder/relogio/Projeto/relogio_restored/Components/divisorGenerico_e_Interface.vhd Line: 5
Info (12021): Found 2 design units, including 1 entities, in source file components/divisorgenerico.vhd
    Info (12022): Found design unit 1: divisorGenerico-divInteiro File: C:/Users/rodri/OneDrive/햞ea de Trabalho/finalfolder/relogio/Projeto/relogio_restored/Components/divisorGenerico.vhd Line: 15
    Info (12023): Found entity 1: divisorGenerico File: C:/Users/rodri/OneDrive/햞ea de Trabalho/finalfolder/relogio/Projeto/relogio_restored/Components/divisorGenerico.vhd Line: 5
Info (12021): Found 2 design units, including 1 entities, in source file components/conversorhex7seg.vhd
    Info (12022): Found design unit 1: conversorHex7Seg-comportamento File: C:/Users/rodri/OneDrive/햞ea de Trabalho/finalfolder/relogio/Projeto/relogio_restored/Components/conversorHex7Seg.vhd Line: 17
    Info (12023): Found entity 1: conversorHex7Seg File: C:/Users/rodri/OneDrive/햞ea de Trabalho/finalfolder/relogio/Projeto/relogio_restored/Components/conversorHex7Seg.vhd Line: 4
Info (12021): Found 2 design units, including 1 entities, in source file components/bancoregistradoresarqregmem.vhd
    Info (12022): Found design unit 1: bancoRegistradoresArqRegMem-comportamento File: C:/Users/rodri/OneDrive/햞ea de Trabalho/finalfolder/relogio/Projeto/relogio_restored/Components/bancoRegistradoresArqRegMem.vhd Line: 23
    Info (12023): Found entity 1: bancoRegistradoresArqRegMem File: C:/Users/rodri/OneDrive/햞ea de Trabalho/finalfolder/relogio/Projeto/relogio_restored/Components/bancoRegistradoresArqRegMem.vhd Line: 5
Info (12021): Found 2 design units, including 1 entities, in source file components/unidcontrol.vhd
    Info (12022): Found design unit 1: unidControl-comportamento File: C:/Users/rodri/OneDrive/햞ea de Trabalho/finalfolder/relogio/Projeto/relogio_restored/Components/unidControl.vhd Line: 17
    Info (12023): Found entity 1: unidControl File: C:/Users/rodri/OneDrive/햞ea de Trabalho/finalfolder/relogio/Projeto/relogio_restored/Components/unidControl.vhd Line: 5
Info (12021): Found 2 design units, including 1 entities, in source file processador.vhd
    Info (12022): Found design unit 1: processador-comportamento File: C:/Users/rodri/OneDrive/햞ea de Trabalho/finalfolder/relogio/Projeto/relogio_restored/processador.vhd Line: 31
    Info (12023): Found entity 1: processador File: C:/Users/rodri/OneDrive/햞ea de Trabalho/finalfolder/relogio/Projeto/relogio_restored/processador.vhd Line: 5
Info (12021): Found 2 design units, including 1 entities, in source file components/somaconstante.vhd
    Info (12022): Found design unit 1: somaConstante-comportamento File: C:/Users/rodri/OneDrive/햞ea de Trabalho/finalfolder/relogio/Projeto/relogio_restored/Components/somaConstante.vhd Line: 16
    Info (12023): Found entity 1: somaConstante File: C:/Users/rodri/OneDrive/햞ea de Trabalho/finalfolder/relogio/Projeto/relogio_restored/Components/somaConstante.vhd Line: 5
Info (12021): Found 2 design units, including 1 entities, in source file relogio.vhd
    Info (12022): Found design unit 1: relogio-comportamento File: C:/Users/rodri/OneDrive/햞ea de Trabalho/finalfolder/relogio/Projeto/relogio_restored/relogio.vhd Line: 23
    Info (12023): Found entity 1: relogio File: C:/Users/rodri/OneDrive/햞ea de Trabalho/finalfolder/relogio/Projeto/relogio_restored/relogio.vhd Line: 4
Info (12021): Found 2 design units, including 1 entities, in source file components/decoder.vhd
    Info (12022): Found design unit 1: decoder-comportamento File: C:/Users/rodri/OneDrive/햞ea de Trabalho/finalfolder/relogio/Projeto/relogio_restored/Components/decoder.vhd Line: 20
    Info (12023): Found entity 1: decoder File: C:/Users/rodri/OneDrive/햞ea de Trabalho/finalfolder/relogio/Projeto/relogio_restored/Components/decoder.vhd Line: 5
Info (12021): Found 2 design units, including 1 entities, in source file components/switches.vhd
    Info (12022): Found design unit 1: switches-interface File: C:/Users/rodri/OneDrive/햞ea de Trabalho/finalfolder/relogio/Projeto/relogio_restored/Components/switches.vhd Line: 13
    Info (12023): Found entity 1: switches File: C:/Users/rodri/OneDrive/햞ea de Trabalho/finalfolder/relogio/Projeto/relogio_restored/Components/switches.vhd Line: 5
Info (12021): Found 2 design units, including 1 entities, in source file components/buttons.vhd
    Info (12022): Found design unit 1: buttons-interface File: C:/Users/rodri/OneDrive/햞ea de Trabalho/finalfolder/relogio/Projeto/relogio_restored/Components/buttons.vhd Line: 13
    Info (12023): Found entity 1: buttons File: C:/Users/rodri/OneDrive/햞ea de Trabalho/finalfolder/relogio/Projeto/relogio_restored/Components/buttons.vhd Line: 5
Info (12127): Elaborating entity "relogio" for the top level hierarchy
Warning (10541): VHDL Signal Declaration warning at relogio.vhd(35): used implicit default value for signal "enableSwitches" because signal was never assigned a value or an explicit default value. Use of implicit default value may introduce unintended design optimizations. File: C:/Users/rodri/OneDrive/햞ea de Trabalho/finalfolder/relogio/Projeto/relogio_restored/relogio.vhd Line: 35
Warning (10541): VHDL Signal Declaration warning at relogio.vhd(36): used implicit default value for signal "enableButtons" because signal was never assigned a value or an explicit default value. Use of implicit default value may introduce unintended design optimizations. File: C:/Users/rodri/OneDrive/햞ea de Trabalho/finalfolder/relogio/Projeto/relogio_restored/relogio.vhd Line: 36
Info (12128): Elaborating entity "processador" for hierarchy "processador:Processador" File: C:/Users/rodri/OneDrive/햞ea de Trabalho/finalfolder/relogio/Projeto/relogio_restored/relogio.vhd Line: 47
Warning (10541): VHDL Signal Declaration warning at processador.vhd(20): used implicit default value for signal "address" because signal was never assigned a value or an explicit default value. Use of implicit default value may introduce unintended design optimizations. File: C:/Users/rodri/OneDrive/햞ea de Trabalho/finalfolder/relogio/Projeto/relogio_restored/processador.vhd Line: 20
Warning (10541): VHDL Signal Declaration warning at processador.vhd(21): used implicit default value for signal "dataOut" because signal was never assigned a value or an explicit default value. Use of implicit default value may introduce unintended design optimizations. File: C:/Users/rodri/OneDrive/햞ea de Trabalho/finalfolder/relogio/Projeto/relogio_restored/processador.vhd Line: 21
Warning (10541): VHDL Signal Declaration warning at processador.vhd(22): used implicit default value for signal "writeRam" because signal was never assigned a value or an explicit default value. Use of implicit default value may introduce unintended design optimizations. File: C:/Users/rodri/OneDrive/햞ea de Trabalho/finalfolder/relogio/Projeto/relogio_restored/processador.vhd Line: 22
Warning (10541): VHDL Signal Declaration warning at processador.vhd(23): used implicit default value for signal "readRam" because signal was never assigned a value or an explicit default value. Use of implicit default value may introduce unintended design optimizations. File: C:/Users/rodri/OneDrive/햞ea de Trabalho/finalfolder/relogio/Projeto/relogio_restored/processador.vhd Line: 23
Warning (10541): VHDL Signal Declaration warning at processador.vhd(39): used implicit default value for signal "barramentoSignal" because signal was never assigned a value or an explicit default value. Use of implicit default value may introduce unintended design optimizations. File: C:/Users/rodri/OneDrive/햞ea de Trabalho/finalfolder/relogio/Projeto/relogio_restored/processador.vhd Line: 39
Warning (10036): Verilog HDL or VHDL warning at processador.vhd(45): object "instrucao" assigned a value but never read File: C:/Users/rodri/OneDrive/햞ea de Trabalho/finalfolder/relogio/Projeto/relogio_restored/processador.vhd Line: 45
Warning (10541): VHDL Signal Declaration warning at processador.vhd(46): used implicit default value for signal "pontosDeControleSignal" because signal was never assigned a value or an explicit default value. Use of implicit default value may introduce unintended design optimizations. File: C:/Users/rodri/OneDrive/햞ea de Trabalho/finalfolder/relogio/Projeto/relogio_restored/processador.vhd Line: 46
Info (12128): Elaborating entity "registradorGenerico" for hierarchy "processador:Processador|registradorGenerico:PC" File: C:/Users/rodri/OneDrive/햞ea de Trabalho/finalfolder/relogio/Projeto/relogio_restored/processador.vhd Line: 66
Info (12128): Elaborating entity "muxGenerico2x1" for hierarchy "processador:Processador|muxGenerico2x1:MuxPC" File: C:/Users/rodri/OneDrive/햞ea de Trabalho/finalfolder/relogio/Projeto/relogio_restored/processador.vhd Line: 78
Info (12128): Elaborating entity "somaConstante" for hierarchy "processador:Processador|somaConstante:somaUm" File: C:/Users/rodri/OneDrive/햞ea de Trabalho/finalfolder/relogio/Projeto/relogio_restored/processador.vhd Line: 90
Info (12128): Elaborating entity "memoriaROM" for hierarchy "processador:Processador|memoriaROM:ROM" File: C:/Users/rodri/OneDrive/햞ea de Trabalho/finalfolder/relogio/Projeto/relogio_restored/processador.vhd Line: 100
Info (12128): Elaborating entity "unidControl" for hierarchy "processador:Processador|unidControl:UNIDCONTROLE" File: C:/Users/rodri/OneDrive/햞ea de Trabalho/finalfolder/relogio/Projeto/relogio_restored/processador.vhd Line: 106
Info (12128): Elaborating entity "bancoRegistradoresArqRegMem" for hierarchy "processador:Processador|bancoRegistradoresArqRegMem:BancoRegistradores" File: C:/Users/rodri/OneDrive/햞ea de Trabalho/finalfolder/relogio/Projeto/relogio_restored/processador.vhd Line: 125
Info (12128): Elaborating entity "ULA" for hierarchy "processador:Processador|ULA:ULA" File: C:/Users/rodri/OneDrive/햞ea de Trabalho/finalfolder/relogio/Projeto/relogio_restored/processador.vhd Line: 139
Info (12128): Elaborating entity "flipFlop" for hierarchy "processador:Processador|flipFlop:flagZeroFlipFlop" File: C:/Users/rodri/OneDrive/햞ea de Trabalho/finalfolder/relogio/Projeto/relogio_restored/processador.vhd Line: 151
Info (12128): Elaborating entity "memoriaRAM" for hierarchy "memoriaRAM:RAM" File: C:/Users/rodri/OneDrive/햞ea de Trabalho/finalfolder/relogio/Projeto/relogio_restored/relogio.vhd Line: 60
Info (12128): Elaborating entity "decoder" for hierarchy "decoder:Decoder" File: C:/Users/rodri/OneDrive/햞ea de Trabalho/finalfolder/relogio/Projeto/relogio_restored/relogio.vhd Line: 76
Info (12128): Elaborating entity "registradorGenerico" for hierarchy "registradorGenerico:REG_SECOND_UNIT" File: C:/Users/rodri/OneDrive/햞ea de Trabalho/finalfolder/relogio/Projeto/relogio_restored/relogio.vhd Line: 91
Info (12128): Elaborating entity "divisorGenerico_e_Interface" for hierarchy "divisorGenerico_e_Interface:BaseTempo" File: C:/Users/rodri/OneDrive/햞ea de Trabalho/finalfolder/relogio/Projeto/relogio_restored/relogio.vhd Line: 159
Info (12128): Elaborating entity "divisorGenerico" for hierarchy "divisorGenerico_e_Interface:BaseTempo|divisorGenerico:baseTempo" File: C:/Users/rodri/OneDrive/햞ea de Trabalho/finalfolder/relogio/Projeto/relogio_restored/Components/divisorGenerico_e_Interface.vhd Line: 19
Info (12128): Elaborating entity "divisorGenerico" for hierarchy "divisorGenerico_e_Interface:BaseTempo|divisorGenerico:baseTempoRapido" File: C:/Users/rodri/OneDrive/햞ea de Trabalho/finalfolder/relogio/Projeto/relogio_restored/Components/divisorGenerico_e_Interface.vhd Line: 27
Info (12128): Elaborating entity "switches" for hierarchy "switches:SWITCHES" File: C:/Users/rodri/OneDrive/햞ea de Trabalho/finalfolder/relogio/Projeto/relogio_restored/relogio.vhd Line: 168
Info (12128): Elaborating entity "buttons" for hierarchy "buttons:BUTTONS" File: C:/Users/rodri/OneDrive/햞ea de Trabalho/finalfolder/relogio/Projeto/relogio_restored/relogio.vhd Line: 174
Info (12128): Elaborating entity "conversorHex7Seg" for hierarchy "conversorHex7Seg:DISPLAY0" File: C:/Users/rodri/OneDrive/햞ea de Trabalho/finalfolder/relogio/Projeto/relogio_restored/relogio.vhd Line: 183
Warning (19016): Clock multiplexers are found and protected
    Warning (19017): Found clock multiplexer divisorGenerico_e_Interface:BaseTempo|saidaclk_reg1seg File: C:/Users/rodri/OneDrive/햞ea de Trabalho/finalfolder/relogio/Projeto/relogio_restored/Components/divisorGenerico_e_Interface.vhd Line: 16
Info (276014): Found 1 instances of uninferred RAM logic
    Info (276007): RAM logic "memoriaRAM:RAM|ram" is uninferred due to asynchronous read logic File: C:/Users/rodri/OneDrive/햞ea de Trabalho/finalfolder/relogio/Projeto/relogio_restored/Components/memoriaRAM.vhd Line: 27
Warning (13046): Tri-state node(s) do not directly drive top-level pin(s)
    Warning (13048): Converted tri-state node "dataInProc[3]" into a selector File: C:/Users/rodri/OneDrive/햞ea de Trabalho/finalfolder/relogio/Projeto/relogio_restored/Components/memoriaRAM.vhd Line: 27
    Warning (13048): Converted tri-state node "dataInProc[2]" into a selector File: C:/Users/rodri/OneDrive/햞ea de Trabalho/finalfolder/relogio/Projeto/relogio_restored/Components/memoriaRAM.vhd Line: 27
    Warning (13048): Converted tri-state node "dataInProc[1]" into a selector File: C:/Users/rodri/OneDrive/햞ea de Trabalho/finalfolder/relogio/Projeto/relogio_restored/Components/memoriaRAM.vhd Line: 27
    Warning (13048): Converted tri-state node "dataInProc[0]" into a selector File: C:/Users/rodri/OneDrive/햞ea de Trabalho/finalfolder/relogio/Projeto/relogio_restored/Components/memoriaRAM.vhd Line: 27
Warning (13024): Output pins are stuck at VCC or GND
    Warning (13410): Pin "HEX0[0]" is stuck at GND File: C:/Users/rodri/OneDrive/햞ea de Trabalho/finalfolder/relogio/Projeto/relogio_restored/relogio.vhd Line: 18
    Warning (13410): Pin "HEX0[1]" is stuck at GND File: C:/Users/rodri/OneDrive/햞ea de Trabalho/finalfolder/relogio/Projeto/relogio_restored/relogio.vhd Line: 18
    Warning (13410): Pin "HEX0[2]" is stuck at GND File: C:/Users/rodri/OneDrive/햞ea de Trabalho/finalfolder/relogio/Projeto/relogio_restored/relogio.vhd Line: 18
    Warning (13410): Pin "HEX0[3]" is stuck at GND File: C:/Users/rodri/OneDrive/햞ea de Trabalho/finalfolder/relogio/Projeto/relogio_restored/relogio.vhd Line: 18
    Warning (13410): Pin "HEX0[4]" is stuck at GND File: C:/Users/rodri/OneDrive/햞ea de Trabalho/finalfolder/relogio/Projeto/relogio_restored/relogio.vhd Line: 18
    Warning (13410): Pin "HEX0[5]" is stuck at GND File: C:/Users/rodri/OneDrive/햞ea de Trabalho/finalfolder/relogio/Projeto/relogio_restored/relogio.vhd Line: 18
    Warning (13410): Pin "HEX0[6]" is stuck at VCC File: C:/Users/rodri/OneDrive/햞ea de Trabalho/finalfolder/relogio/Projeto/relogio_restored/relogio.vhd Line: 18
    Warning (13410): Pin "HEX1[0]" is stuck at GND File: C:/Users/rodri/OneDrive/햞ea de Trabalho/finalfolder/relogio/Projeto/relogio_restored/relogio.vhd Line: 18
    Warning (13410): Pin "HEX1[1]" is stuck at GND File: C:/Users/rodri/OneDrive/햞ea de Trabalho/finalfolder/relogio/Projeto/relogio_restored/relogio.vhd Line: 18
    Warning (13410): Pin "HEX1[2]" is stuck at GND File: C:/Users/rodri/OneDrive/햞ea de Trabalho/finalfolder/relogio/Projeto/relogio_restored/relogio.vhd Line: 18
    Warning (13410): Pin "HEX1[3]" is stuck at GND File: C:/Users/rodri/OneDrive/햞ea de Trabalho/finalfolder/relogio/Projeto/relogio_restored/relogio.vhd Line: 18
    Warning (13410): Pin "HEX1[4]" is stuck at GND File: C:/Users/rodri/OneDrive/햞ea de Trabalho/finalfolder/relogio/Projeto/relogio_restored/relogio.vhd Line: 18
    Warning (13410): Pin "HEX1[5]" is stuck at GND File: C:/Users/rodri/OneDrive/햞ea de Trabalho/finalfolder/relogio/Projeto/relogio_restored/relogio.vhd Line: 18
    Warning (13410): Pin "HEX1[6]" is stuck at VCC File: C:/Users/rodri/OneDrive/햞ea de Trabalho/finalfolder/relogio/Projeto/relogio_restored/relogio.vhd Line: 18
    Warning (13410): Pin "HEX2[0]" is stuck at GND File: C:/Users/rodri/OneDrive/햞ea de Trabalho/finalfolder/relogio/Projeto/relogio_restored/relogio.vhd Line: 18
    Warning (13410): Pin "HEX2[1]" is stuck at GND File: C:/Users/rodri/OneDrive/햞ea de Trabalho/finalfolder/relogio/Projeto/relogio_restored/relogio.vhd Line: 18
    Warning (13410): Pin "HEX2[2]" is stuck at GND File: C:/Users/rodri/OneDrive/햞ea de Trabalho/finalfolder/relogio/Projeto/relogio_restored/relogio.vhd Line: 18
    Warning (13410): Pin "HEX2[3]" is stuck at GND File: C:/Users/rodri/OneDrive/햞ea de Trabalho/finalfolder/relogio/Projeto/relogio_restored/relogio.vhd Line: 18
    Warning (13410): Pin "HEX2[4]" is stuck at GND File: C:/Users/rodri/OneDrive/햞ea de Trabalho/finalfolder/relogio/Projeto/relogio_restored/relogio.vhd Line: 18
    Warning (13410): Pin "HEX2[5]" is stuck at GND File: C:/Users/rodri/OneDrive/햞ea de Trabalho/finalfolder/relogio/Projeto/relogio_restored/relogio.vhd Line: 18
    Warning (13410): Pin "HEX2[6]" is stuck at VCC File: C:/Users/rodri/OneDrive/햞ea de Trabalho/finalfolder/relogio/Projeto/relogio_restored/relogio.vhd Line: 18
    Warning (13410): Pin "HEX3[0]" is stuck at GND File: C:/Users/rodri/OneDrive/햞ea de Trabalho/finalfolder/relogio/Projeto/relogio_restored/relogio.vhd Line: 18
    Warning (13410): Pin "HEX3[1]" is stuck at GND File: C:/Users/rodri/OneDrive/햞ea de Trabalho/finalfolder/relogio/Projeto/relogio_restored/relogio.vhd Line: 18
    Warning (13410): Pin "HEX3[2]" is stuck at GND File: C:/Users/rodri/OneDrive/햞ea de Trabalho/finalfolder/relogio/Projeto/relogio_restored/relogio.vhd Line: 18
    Warning (13410): Pin "HEX3[3]" is stuck at GND File: C:/Users/rodri/OneDrive/햞ea de Trabalho/finalfolder/relogio/Projeto/relogio_restored/relogio.vhd Line: 18
    Warning (13410): Pin "HEX3[4]" is stuck at GND File: C:/Users/rodri/OneDrive/햞ea de Trabalho/finalfolder/relogio/Projeto/relogio_restored/relogio.vhd Line: 18
    Warning (13410): Pin "HEX3[5]" is stuck at GND File: C:/Users/rodri/OneDrive/햞ea de Trabalho/finalfolder/relogio/Projeto/relogio_restored/relogio.vhd Line: 18
    Warning (13410): Pin "HEX3[6]" is stuck at VCC File: C:/Users/rodri/OneDrive/햞ea de Trabalho/finalfolder/relogio/Projeto/relogio_restored/relogio.vhd Line: 18
    Warning (13410): Pin "HEX4[0]" is stuck at GND File: C:/Users/rodri/OneDrive/햞ea de Trabalho/finalfolder/relogio/Projeto/relogio_restored/relogio.vhd Line: 18
    Warning (13410): Pin "HEX4[1]" is stuck at GND File: C:/Users/rodri/OneDrive/햞ea de Trabalho/finalfolder/relogio/Projeto/relogio_restored/relogio.vhd Line: 18
    Warning (13410): Pin "HEX4[2]" is stuck at GND File: C:/Users/rodri/OneDrive/햞ea de Trabalho/finalfolder/relogio/Projeto/relogio_restored/relogio.vhd Line: 18
    Warning (13410): Pin "HEX4[3]" is stuck at GND File: C:/Users/rodri/OneDrive/햞ea de Trabalho/finalfolder/relogio/Projeto/relogio_restored/relogio.vhd Line: 18
    Warning (13410): Pin "HEX4[4]" is stuck at GND File: C:/Users/rodri/OneDrive/햞ea de Trabalho/finalfolder/relogio/Projeto/relogio_restored/relogio.vhd Line: 18
    Warning (13410): Pin "HEX4[5]" is stuck at GND File: C:/Users/rodri/OneDrive/햞ea de Trabalho/finalfolder/relogio/Projeto/relogio_restored/relogio.vhd Line: 18
    Warning (13410): Pin "HEX4[6]" is stuck at VCC File: C:/Users/rodri/OneDrive/햞ea de Trabalho/finalfolder/relogio/Projeto/relogio_restored/relogio.vhd Line: 18
    Warning (13410): Pin "HEX5[0]" is stuck at GND File: C:/Users/rodri/OneDrive/햞ea de Trabalho/finalfolder/relogio/Projeto/relogio_restored/relogio.vhd Line: 18
    Warning (13410): Pin "HEX5[1]" is stuck at GND File: C:/Users/rodri/OneDrive/햞ea de Trabalho/finalfolder/relogio/Projeto/relogio_restored/relogio.vhd Line: 18
    Warning (13410): Pin "HEX5[2]" is stuck at GND File: C:/Users/rodri/OneDrive/햞ea de Trabalho/finalfolder/relogio/Projeto/relogio_restored/relogio.vhd Line: 18
    Warning (13410): Pin "HEX5[3]" is stuck at GND File: C:/Users/rodri/OneDrive/햞ea de Trabalho/finalfolder/relogio/Projeto/relogio_restored/relogio.vhd Line: 18
    Warning (13410): Pin "HEX5[4]" is stuck at GND File: C:/Users/rodri/OneDrive/햞ea de Trabalho/finalfolder/relogio/Projeto/relogio_restored/relogio.vhd Line: 18
    Warning (13410): Pin "HEX5[5]" is stuck at GND File: C:/Users/rodri/OneDrive/햞ea de Trabalho/finalfolder/relogio/Projeto/relogio_restored/relogio.vhd Line: 18
    Warning (13410): Pin "HEX5[6]" is stuck at VCC File: C:/Users/rodri/OneDrive/햞ea de Trabalho/finalfolder/relogio/Projeto/relogio_restored/relogio.vhd Line: 18
    Warning (13410): Pin "PCOut[0]" is stuck at GND File: C:/Users/rodri/OneDrive/햞ea de Trabalho/finalfolder/relogio/Projeto/relogio_restored/relogio.vhd Line: 19
    Warning (13410): Pin "PCOut[1]" is stuck at GND File: C:/Users/rodri/OneDrive/햞ea de Trabalho/finalfolder/relogio/Projeto/relogio_restored/relogio.vhd Line: 19
    Warning (13410): Pin "PCOut[2]" is stuck at GND File: C:/Users/rodri/OneDrive/햞ea de Trabalho/finalfolder/relogio/Projeto/relogio_restored/relogio.vhd Line: 19
    Warning (13410): Pin "PCOut[3]" is stuck at GND File: C:/Users/rodri/OneDrive/햞ea de Trabalho/finalfolder/relogio/Projeto/relogio_restored/relogio.vhd Line: 19
    Warning (13410): Pin "PCOut[4]" is stuck at GND File: C:/Users/rodri/OneDrive/햞ea de Trabalho/finalfolder/relogio/Projeto/relogio_restored/relogio.vhd Line: 19
    Warning (13410): Pin "PCOut[5]" is stuck at GND File: C:/Users/rodri/OneDrive/햞ea de Trabalho/finalfolder/relogio/Projeto/relogio_restored/relogio.vhd Line: 19
    Warning (13410): Pin "PCOut[6]" is stuck at GND File: C:/Users/rodri/OneDrive/햞ea de Trabalho/finalfolder/relogio/Projeto/relogio_restored/relogio.vhd Line: 19
    Warning (13410): Pin "PCOut[7]" is stuck at GND File: C:/Users/rodri/OneDrive/햞ea de Trabalho/finalfolder/relogio/Projeto/relogio_restored/relogio.vhd Line: 19
Info (17049): 43 registers lost all their fanouts during netlist optimizations.
Info (16010): Generating hard_block partition "hard_block:auto_generated_inst"
    Info (16011): Adding 0 node(s), including 0 DDIO, 0 PLL, 0 transceiver and 0 LCELL
Warning (21074): Design contains 5 input pin(s) that do not drive logic
    Warning (15610): No output dependent on input pin "CLOCK_50" File: C:/Users/rodri/OneDrive/햞ea de Trabalho/finalfolder/relogio/Projeto/relogio_restored/relogio.vhd Line: 13
    Warning (15610): No output dependent on input pin "SW[1]" File: C:/Users/rodri/OneDrive/햞ea de Trabalho/finalfolder/relogio/Projeto/relogio_restored/relogio.vhd Line: 14
    Warning (15610): No output dependent on input pin "SW[0]" File: C:/Users/rodri/OneDrive/햞ea de Trabalho/finalfolder/relogio/Projeto/relogio_restored/relogio.vhd Line: 14
    Warning (15610): No output dependent on input pin "KEY[0]" File: C:/Users/rodri/OneDrive/햞ea de Trabalho/finalfolder/relogio/Projeto/relogio_restored/relogio.vhd Line: 15
    Warning (15610): No output dependent on input pin "KEY[1]" File: C:/Users/rodri/OneDrive/햞ea de Trabalho/finalfolder/relogio/Projeto/relogio_restored/relogio.vhd Line: 15
Info (21057): Implemented 55 device resources after synthesis - the final resource count might be different
    Info (21058): Implemented 5 input pins
    Info (21059): Implemented 50 output pins
Info: Quartus Prime Analysis & Synthesis was successful. 0 errors, 74 warnings
    Info: Peak virtual memory: 4855 megabytes
    Info: Processing ended: Thu Nov 05 17:07:51 2020
    Info: Elapsed time: 00:00:20
    Info: Total CPU time (on all processors): 00:00:36


