Analysis & Elaboration report for relogio
Sun Oct 18 22:32:12 2020
Quartus Prime Version 20.1.0 Build 711 06/05/2020 SJ Lite Edition


---------------------
; Table of Contents ;
---------------------
  1. Legal Notice
  2. Analysis & Elaboration Summary
  3. Parallel Compilation
  4. Parameter Settings for User Entity Instance: Top-level Entity: |relogio
  5. Parameter Settings for User Entity Instance: processador:Processador
  6. Parameter Settings for User Entity Instance: processador:Processador|registradorGenerico:PC
  7. Parameter Settings for User Entity Instance: processador:Processador|muxGenerico2x1:MuxPC
  8. Parameter Settings for User Entity Instance: processador:Processador|somaConstante:somaUm
  9. Parameter Settings for User Entity Instance: processador:Processador|memoriaROM:ROM
 10. Parameter Settings for User Entity Instance: processador:Processador|muxGenerico2x1:muxRAM_Imediato
 11. Parameter Settings for User Entity Instance: processador:Processador|bancoRegistradoresArqRegMem:BancoRegistradores
 12. Parameter Settings for User Entity Instance: processador:Processador|ULA:ULA
 13. Parameter Settings for User Entity Instance: processador:Processador|flipFlop:flagZeroFlipFlop
 14. Parameter Settings for User Entity Instance: memoriaRAM:RAM
 15. Parameter Settings for User Entity Instance: registradorGenerico:REG_SECOND_UNIT
 16. Parameter Settings for User Entity Instance: registradorGenerico:REG_SECOND_TEN
 17. Parameter Settings for User Entity Instance: registradorGenerico:REG_MINUTE_UNIT
 18. Parameter Settings for User Entity Instance: registradorGenerico:REG_MINUTE_TEN
 19. Parameter Settings for User Entity Instance: registradorGenerico:REG_HOUR_UNIT
 20. Parameter Settings for User Entity Instance: registradorGenerico:REG_HOUR_TEN
 21. Parameter Settings for User Entity Instance: divisorGenerico_e_Interface:BaseTempo|divisorGenerico:baseTempo
 22. Parameter Settings for User Entity Instance: divisorGenerico_e_Interface:BaseTempo|divisorGenerico:baseTempoRapido
 23. Parameter Settings for User Entity Instance: divisorGenerico_e_Interface:BaseTempo|flipFlop:registraUmSegundo
 24. Analysis & Elaboration Settings
 25. Port Connectivity Checks: "conversorHex7Seg:DISPLAY5"
 26. Port Connectivity Checks: "conversorHex7Seg:DISPLAY4"
 27. Port Connectivity Checks: "conversorHex7Seg:DISPLAY3"
 28. Port Connectivity Checks: "conversorHex7Seg:DISPLAY2"
 29. Port Connectivity Checks: "conversorHex7Seg:DISPLAY1"
 30. Port Connectivity Checks: "conversorHex7Seg:DISPLAY0"
 31. Port Connectivity Checks: "divisorGenerico_e_Interface:BaseTempo|flipFlop:registraUmSegundo"
 32. Port Connectivity Checks: "divisorGenerico_e_Interface:BaseTempo"
 33. Port Connectivity Checks: "registradorGenerico:REG_HOUR_TEN"
 34. Port Connectivity Checks: "registradorGenerico:REG_HOUR_UNIT"
 35. Port Connectivity Checks: "registradorGenerico:REG_MINUTE_TEN"
 36. Port Connectivity Checks: "registradorGenerico:REG_MINUTE_UNIT"
 37. Port Connectivity Checks: "registradorGenerico:REG_SECOND_TEN"
 38. Port Connectivity Checks: "registradorGenerico:REG_SECOND_UNIT"
 39. Port Connectivity Checks: "decoder:Decoder"
 40. Port Connectivity Checks: "memoriaRAM:RAM"
 41. Port Connectivity Checks: "processador:Processador|flipFlop:flagZeroFlipFlop"
 42. Port Connectivity Checks: "processador:Processador|unidControl:UNIDCONTROLE"
 43. Port Connectivity Checks: "processador:Processador|memoriaROM:ROM"
 44. Port Connectivity Checks: "processador:Processador|registradorGenerico:PC"
 45. Port Connectivity Checks: "processador:Processador"
 46. Analysis & Elaboration Messages



----------------
; Legal Notice ;
----------------
Copyright (C) 2020  Intel Corporation. All rights reserved.
Your use of Intel Corporation's design tools, logic functions 
and other software and tools, and any partner logic 
functions, and any output files from any of the foregoing 
(including device programming or simulation files), and any 
associated documentation or information are expressly subject 
to the terms and conditions of the Intel Program License 
Subscription Agreement, the Intel Quartus Prime License Agreement,
the Intel FPGA IP License Agreement, or other applicable license
agreement, including, without limitation, that your use is for
the sole purpose of programming logic devices manufactured by
Intel and sold by Intel or its authorized distributors.  Please
refer to the applicable agreement for further details, at
https://fpgasoftware.intel.com/eula.



+-----------------------------------------------------------------------------+
; Analysis & Elaboration Summary                                              ;
+-------------------------------+---------------------------------------------+
; Analysis & Elaboration Status ; Successful - Sun Oct 18 22:32:12 2020       ;
; Quartus Prime Version         ; 20.1.0 Build 711 06/05/2020 SJ Lite Edition ;
; Revision Name                 ; relogio                                     ;
; Top-level Entity Name         ; relogio                                     ;
; Family                        ; Cyclone V                                   ;
; Logic utilization (in ALMs)   ; N/A until Partition Merge                   ;
; Total registers               ; N/A until Partition Merge                   ;
; Total pins                    ; N/A until Partition Merge                   ;
; Total virtual pins            ; N/A until Partition Merge                   ;
; Total block memory bits       ; N/A until Partition Merge                   ;
; Total PLLs                    ; N/A until Partition Merge                   ;
; Total DLLs                    ; N/A until Partition Merge                   ;
+-------------------------------+---------------------------------------------+


+------------------------------------------+
; Parallel Compilation                     ;
+----------------------------+-------------+
; Processors                 ; Number      ;
+----------------------------+-------------+
; Number detected on machine ; 4           ;
; Maximum allowed            ; 2           ;
;                            ;             ;
; Average used               ; 1.00        ;
; Maximum used               ; 1           ;
;                            ;             ;
; Usage by Processor         ; % Time Used ;
;     Processor 1            ; 100.0%      ;
+----------------------------+-------------+


+-------------------------------------------------------------------------+
; Parameter Settings for User Entity Instance: Top-level Entity: |relogio ;
+----------------+-------+------------------------------------------------+
; Parameter Name ; Value ; Type                                           ;
+----------------+-------+------------------------------------------------+
; larguraDados   ; 8     ; Signed Integer                                 ;
; tamanhoRAM     ; 7     ; Signed Integer                                 ;
; tamanhoOpCode  ; 4     ; Signed Integer                                 ;
+----------------+-------+------------------------------------------------+
Note: In order to hide this table in the UI and the text report file, please set the "Show Parameter Settings in Synthesis Report" option in "Analysis and Synthesis Settings -> More Settings" to "Off".


+----------------------------------------------------------------------+
; Parameter Settings for User Entity Instance: processador:Processador ;
+----------------+-------+---------------------------------------------+
; Parameter Name ; Value ; Type                                        ;
+----------------+-------+---------------------------------------------+
; addr_width_reg ; 8     ; Signed Integer                              ;
; data_width_rom ; 16    ; Signed Integer                              ;
; addr_width_rom ; 8     ; Signed Integer                              ;
; opcode_width   ; 4     ; Signed Integer                              ;
; controle_width ; 9     ; Signed Integer                              ;
; number_of_regs ; 4     ; Signed Integer                              ;
+----------------+-------+---------------------------------------------+
Note: In order to hide this table in the UI and the text report file, please set the "Show Parameter Settings in Synthesis Report" option in "Analysis and Synthesis Settings -> More Settings" to "Off".


+---------------------------------------------------------------------------------------------+
; Parameter Settings for User Entity Instance: processador:Processador|registradorGenerico:PC ;
+----------------+-------+--------------------------------------------------------------------+
; Parameter Name ; Value ; Type                                                               ;
+----------------+-------+--------------------------------------------------------------------+
; larguradados   ; 8     ; Signed Integer                                                     ;
+----------------+-------+--------------------------------------------------------------------+
Note: In order to hide this table in the UI and the text report file, please set the "Show Parameter Settings in Synthesis Report" option in "Analysis and Synthesis Settings -> More Settings" to "Off".


+-------------------------------------------------------------------------------------------+
; Parameter Settings for User Entity Instance: processador:Processador|muxGenerico2x1:MuxPC ;
+----------------+-------+------------------------------------------------------------------+
; Parameter Name ; Value ; Type                                                             ;
+----------------+-------+------------------------------------------------------------------+
; larguradados   ; 8     ; Signed Integer                                                   ;
+----------------+-------+------------------------------------------------------------------+
Note: In order to hide this table in the UI and the text report file, please set the "Show Parameter Settings in Synthesis Report" option in "Analysis and Synthesis Settings -> More Settings" to "Off".


+-------------------------------------------------------------------------------------------+
; Parameter Settings for User Entity Instance: processador:Processador|somaConstante:somaUm ;
+----------------+-------+------------------------------------------------------------------+
; Parameter Name ; Value ; Type                                                             ;
+----------------+-------+------------------------------------------------------------------+
; larguradados   ; 8     ; Signed Integer                                                   ;
; constante      ; 1     ; Signed Integer                                                   ;
+----------------+-------+------------------------------------------------------------------+
Note: In order to hide this table in the UI and the text report file, please set the "Show Parameter Settings in Synthesis Report" option in "Analysis and Synthesis Settings -> More Settings" to "Off".


+-------------------------------------------------------------------------------------+
; Parameter Settings for User Entity Instance: processador:Processador|memoriaROM:ROM ;
+----------------+-------+------------------------------------------------------------+
; Parameter Name ; Value ; Type                                                       ;
+----------------+-------+------------------------------------------------------------+
; datawidth      ; 16    ; Signed Integer                                             ;
; addrwidth      ; 8     ; Signed Integer                                             ;
+----------------+-------+------------------------------------------------------------+
Note: In order to hide this table in the UI and the text report file, please set the "Show Parameter Settings in Synthesis Report" option in "Analysis and Synthesis Settings -> More Settings" to "Off".


+-----------------------------------------------------------------------------------------------------+
; Parameter Settings for User Entity Instance: processador:Processador|muxGenerico2x1:muxRAM_Imediato ;
+----------------+-------+----------------------------------------------------------------------------+
; Parameter Name ; Value ; Type                                                                       ;
+----------------+-------+----------------------------------------------------------------------------+
; larguradados   ; 8     ; Signed Integer                                                             ;
+----------------+-------+----------------------------------------------------------------------------+
Note: In order to hide this table in the UI and the text report file, please set the "Show Parameter Settings in Synthesis Report" option in "Analysis and Synthesis Settings -> More Settings" to "Off".


+---------------------------------------------------------------------------------------------------------------------+
; Parameter Settings for User Entity Instance: processador:Processador|bancoRegistradoresArqRegMem:BancoRegistradores ;
+---------------------+-------+---------------------------------------------------------------------------------------+
; Parameter Name      ; Value ; Type                                                                                  ;
+---------------------+-------+---------------------------------------------------------------------------------------+
; larguradados        ; 8     ; Signed Integer                                                                        ;
; larguraendbancoregs ; 4     ; Signed Integer                                                                        ;
+---------------------+-------+---------------------------------------------------------------------------------------+
Note: In order to hide this table in the UI and the text report file, please set the "Show Parameter Settings in Synthesis Report" option in "Analysis and Synthesis Settings -> More Settings" to "Off".


+------------------------------------------------------------------------------+
; Parameter Settings for User Entity Instance: processador:Processador|ULA:ULA ;
+----------------+-------+-----------------------------------------------------+
; Parameter Name ; Value ; Type                                                ;
+----------------+-------+-----------------------------------------------------+
; larguradados   ; 8     ; Signed Integer                                      ;
+----------------+-------+-----------------------------------------------------+
Note: In order to hide this table in the UI and the text report file, please set the "Show Parameter Settings in Synthesis Report" option in "Analysis and Synthesis Settings -> More Settings" to "Off".


+------------------------------------------------------------------------------------------------+
; Parameter Settings for User Entity Instance: processador:Processador|flipFlop:flagZeroFlipFlop ;
+----------------+-------+-----------------------------------------------------------------------+
; Parameter Name ; Value ; Type                                                                  ;
+----------------+-------+-----------------------------------------------------------------------+
; larguradados   ; 8     ; Signed Integer                                                        ;
+----------------+-------+-----------------------------------------------------------------------+
Note: In order to hide this table in the UI and the text report file, please set the "Show Parameter Settings in Synthesis Report" option in "Analysis and Synthesis Settings -> More Settings" to "Off".


+-------------------------------------------------------------+
; Parameter Settings for User Entity Instance: memoriaRAM:RAM ;
+----------------+-------+------------------------------------+
; Parameter Name ; Value ; Type                               ;
+----------------+-------+------------------------------------+
; datawidth      ; 8     ; Signed Integer                     ;
; addrwidth      ; 7     ; Signed Integer                     ;
+----------------+-------+------------------------------------+
Note: In order to hide this table in the UI and the text report file, please set the "Show Parameter Settings in Synthesis Report" option in "Analysis and Synthesis Settings -> More Settings" to "Off".


+----------------------------------------------------------------------------------+
; Parameter Settings for User Entity Instance: registradorGenerico:REG_SECOND_UNIT ;
+----------------+-------+---------------------------------------------------------+
; Parameter Name ; Value ; Type                                                    ;
+----------------+-------+---------------------------------------------------------+
; larguradados   ; 4     ; Signed Integer                                          ;
+----------------+-------+---------------------------------------------------------+
Note: In order to hide this table in the UI and the text report file, please set the "Show Parameter Settings in Synthesis Report" option in "Analysis and Synthesis Settings -> More Settings" to "Off".


+---------------------------------------------------------------------------------+
; Parameter Settings for User Entity Instance: registradorGenerico:REG_SECOND_TEN ;
+----------------+-------+--------------------------------------------------------+
; Parameter Name ; Value ; Type                                                   ;
+----------------+-------+--------------------------------------------------------+
; larguradados   ; 4     ; Signed Integer                                         ;
+----------------+-------+--------------------------------------------------------+
Note: In order to hide this table in the UI and the text report file, please set the "Show Parameter Settings in Synthesis Report" option in "Analysis and Synthesis Settings -> More Settings" to "Off".


+----------------------------------------------------------------------------------+
; Parameter Settings for User Entity Instance: registradorGenerico:REG_MINUTE_UNIT ;
+----------------+-------+---------------------------------------------------------+
; Parameter Name ; Value ; Type                                                    ;
+----------------+-------+---------------------------------------------------------+
; larguradados   ; 4     ; Signed Integer                                          ;
+----------------+-------+---------------------------------------------------------+
Note: In order to hide this table in the UI and the text report file, please set the "Show Parameter Settings in Synthesis Report" option in "Analysis and Synthesis Settings -> More Settings" to "Off".


+---------------------------------------------------------------------------------+
; Parameter Settings for User Entity Instance: registradorGenerico:REG_MINUTE_TEN ;
+----------------+-------+--------------------------------------------------------+
; Parameter Name ; Value ; Type                                                   ;
+----------------+-------+--------------------------------------------------------+
; larguradados   ; 4     ; Signed Integer                                         ;
+----------------+-------+--------------------------------------------------------+
Note: In order to hide this table in the UI and the text report file, please set the "Show Parameter Settings in Synthesis Report" option in "Analysis and Synthesis Settings -> More Settings" to "Off".


+--------------------------------------------------------------------------------+
; Parameter Settings for User Entity Instance: registradorGenerico:REG_HOUR_UNIT ;
+----------------+-------+-------------------------------------------------------+
; Parameter Name ; Value ; Type                                                  ;
+----------------+-------+-------------------------------------------------------+
; larguradados   ; 4     ; Signed Integer                                        ;
+----------------+-------+-------------------------------------------------------+
Note: In order to hide this table in the UI and the text report file, please set the "Show Parameter Settings in Synthesis Report" option in "Analysis and Synthesis Settings -> More Settings" to "Off".


+-------------------------------------------------------------------------------+
; Parameter Settings for User Entity Instance: registradorGenerico:REG_HOUR_TEN ;
+----------------+-------+------------------------------------------------------+
; Parameter Name ; Value ; Type                                                 ;
+----------------+-------+------------------------------------------------------+
; larguradados   ; 4     ; Signed Integer                                       ;
+----------------+-------+------------------------------------------------------+
Note: In order to hide this table in the UI and the text report file, please set the "Show Parameter Settings in Synthesis Report" option in "Analysis and Synthesis Settings -> More Settings" to "Off".


+--------------------------------------------------------------------------------------------------------------+
; Parameter Settings for User Entity Instance: divisorGenerico_e_Interface:BaseTempo|divisorGenerico:baseTempo ;
+----------------+----------+----------------------------------------------------------------------------------+
; Parameter Name ; Value    ; Type                                                                             ;
+----------------+----------+----------------------------------------------------------------------------------+
; divisor        ; 25000000 ; Signed Integer                                                                   ;
+----------------+----------+----------------------------------------------------------------------------------+
Note: In order to hide this table in the UI and the text report file, please set the "Show Parameter Settings in Synthesis Report" option in "Analysis and Synthesis Settings -> More Settings" to "Off".


+--------------------------------------------------------------------------------------------------------------------+
; Parameter Settings for User Entity Instance: divisorGenerico_e_Interface:BaseTempo|divisorGenerico:baseTempoRapido ;
+----------------+-------+-------------------------------------------------------------------------------------------+
; Parameter Name ; Value ; Type                                                                                      ;
+----------------+-------+-------------------------------------------------------------------------------------------+
; divisor        ; 25000 ; Signed Integer                                                                            ;
+----------------+-------+-------------------------------------------------------------------------------------------+
Note: In order to hide this table in the UI and the text report file, please set the "Show Parameter Settings in Synthesis Report" option in "Analysis and Synthesis Settings -> More Settings" to "Off".


+---------------------------------------------------------------------------------------------------------------+
; Parameter Settings for User Entity Instance: divisorGenerico_e_Interface:BaseTempo|flipFlop:registraUmSegundo ;
+----------------+-------+--------------------------------------------------------------------------------------+
; Parameter Name ; Value ; Type                                                                                 ;
+----------------+-------+--------------------------------------------------------------------------------------+
; larguradados   ; 8     ; Signed Integer                                                                       ;
+----------------+-------+--------------------------------------------------------------------------------------+
Note: In order to hide this table in the UI and the text report file, please set the "Show Parameter Settings in Synthesis Report" option in "Analysis and Synthesis Settings -> More Settings" to "Off".


+---------------------------------------------------------------------------------------------------------------------------+
; Analysis & Elaboration Settings                                                                                           ;
+---------------------------------------------------------------------------------+--------------------+--------------------+
; Option                                                                          ; Setting            ; Default Value      ;
+---------------------------------------------------------------------------------+--------------------+--------------------+
; Device                                                                          ; 5CEBA4F23C7        ;                    ;
; Top-level entity name                                                           ; relogio            ; relogio            ;
; Family name                                                                     ; Cyclone V          ; Cyclone V          ;
; Use smart compilation                                                           ; Off                ; Off                ;
; Enable parallel Assembler and Timing Analyzer during compilation                ; On                 ; On                 ;
; Enable compact report table                                                     ; Off                ; Off                ;
; Restructure Multiplexers                                                        ; Auto               ; Auto               ;
; MLAB Add Timing Constraints For Mixed-Port Feed-Through Mode Setting Don't Care ; Off                ; Off                ;
; Create Debugging Nodes for IP Cores                                             ; Off                ; Off                ;
; Preserve fewer node names                                                       ; On                 ; On                 ;
; Intel FPGA IP Evaluation Mode                                                   ; Enable             ; Enable             ;
; Verilog Version                                                                 ; Verilog_2001       ; Verilog_2001       ;
; VHDL Version                                                                    ; VHDL_1993          ; VHDL_1993          ;
; State Machine Processing                                                        ; Auto               ; Auto               ;
; Safe State Machine                                                              ; Off                ; Off                ;
; Extract Verilog State Machines                                                  ; On                 ; On                 ;
; Extract VHDL State Machines                                                     ; On                 ; On                 ;
; Ignore Verilog initial constructs                                               ; Off                ; Off                ;
; Iteration limit for constant Verilog loops                                      ; 5000               ; 5000               ;
; Iteration limit for non-constant Verilog loops                                  ; 250                ; 250                ;
; Add Pass-Through Logic to Inferred RAMs                                         ; On                 ; On                 ;
; Infer RAMs from Raw Logic                                                       ; On                 ; On                 ;
; Parallel Synthesis                                                              ; On                 ; On                 ;
; DSP Block Balancing                                                             ; Auto               ; Auto               ;
; NOT Gate Push-Back                                                              ; On                 ; On                 ;
; Power-Up Don't Care                                                             ; On                 ; On                 ;
; Remove Redundant Logic Cells                                                    ; Off                ; Off                ;
; Remove Duplicate Registers                                                      ; On                 ; On                 ;
; Ignore CARRY Buffers                                                            ; Off                ; Off                ;
; Ignore CASCADE Buffers                                                          ; Off                ; Off                ;
; Ignore GLOBAL Buffers                                                           ; Off                ; Off                ;
; Ignore ROW GLOBAL Buffers                                                       ; Off                ; Off                ;
; Ignore LCELL Buffers                                                            ; Off                ; Off                ;
; Ignore SOFT Buffers                                                             ; On                 ; On                 ;
; Limit AHDL Integers to 32 Bits                                                  ; Off                ; Off                ;
; Optimization Technique                                                          ; Balanced           ; Balanced           ;
; Carry Chain Length                                                              ; 70                 ; 70                 ;
; Auto Carry Chains                                                               ; On                 ; On                 ;
; Auto Open-Drain Pins                                                            ; On                 ; On                 ;
; Perform WYSIWYG Primitive Resynthesis                                           ; Off                ; Off                ;
; Auto ROM Replacement                                                            ; On                 ; On                 ;
; Auto RAM Replacement                                                            ; On                 ; On                 ;
; Auto DSP Block Replacement                                                      ; On                 ; On                 ;
; Auto Shift Register Replacement                                                 ; Auto               ; Auto               ;
; Allow Shift Register Merging across Hierarchies                                 ; Auto               ; Auto               ;
; Auto Clock Enable Replacement                                                   ; On                 ; On                 ;
; Strict RAM Replacement                                                          ; Off                ; Off                ;
; Allow Synchronous Control Signals                                               ; On                 ; On                 ;
; Force Use of Synchronous Clear Signals                                          ; Off                ; Off                ;
; Auto Resource Sharing                                                           ; Off                ; Off                ;
; Allow Any RAM Size For Recognition                                              ; Off                ; Off                ;
; Allow Any ROM Size For Recognition                                              ; Off                ; Off                ;
; Allow Any Shift Register Size For Recognition                                   ; Off                ; Off                ;
; Use LogicLock Constraints during Resource Balancing                             ; On                 ; On                 ;
; Ignore translate_off and synthesis_off directives                               ; Off                ; Off                ;
; Timing-Driven Synthesis                                                         ; On                 ; On                 ;
; Report Parameter Settings                                                       ; On                 ; On                 ;
; Report Source Assignments                                                       ; On                 ; On                 ;
; Report Connectivity Checks                                                      ; On                 ; On                 ;
; Ignore Maximum Fan-Out Assignments                                              ; Off                ; Off                ;
; Synchronization Register Chain Length                                           ; 3                  ; 3                  ;
; Power Optimization During Synthesis                                             ; Normal compilation ; Normal compilation ;
; HDL message level                                                               ; Level2             ; Level2             ;
; Suppress Register Optimization Related Messages                                 ; Off                ; Off                ;
; Number of Removed Registers Reported in Synthesis Report                        ; 5000               ; 5000               ;
; Number of Swept Nodes Reported in Synthesis Report                              ; 5000               ; 5000               ;
; Number of Inverted Registers Reported in Synthesis Report                       ; 100                ; 100                ;
; Clock MUX Protection                                                            ; On                 ; On                 ;
; Auto Gated Clock Conversion                                                     ; Off                ; Off                ;
; Block Design Naming                                                             ; Auto               ; Auto               ;
; SDC constraint protection                                                       ; Off                ; Off                ;
; Synthesis Effort                                                                ; Auto               ; Auto               ;
; Shift Register Replacement - Allow Asynchronous Clear Signal                    ; On                 ; On                 ;
; Pre-Mapping Resynthesis Optimization                                            ; Off                ; Off                ;
; Analysis & Synthesis Message Level                                              ; Medium             ; Medium             ;
; Disable Register Merging Across Hierarchies                                     ; Auto               ; Auto               ;
; Resource Aware Inference For Block RAM                                          ; On                 ; On                 ;
; Automatic Parallel Synthesis                                                    ; On                 ; On                 ;
; Partial Reconfiguration Bitstream ID                                            ; Off                ; Off                ;
+---------------------------------------------------------------------------------+--------------------+--------------------+


+-------------------------------------------------------+
; Port Connectivity Checks: "conversorHex7Seg:DISPLAY5" ;
+----------+-------+----------+-------------------------+
; Port     ; Type  ; Severity ; Details                 ;
+----------+-------+----------+-------------------------+
; apaga    ; Input ; Info     ; Stuck at GND            ;
; negativo ; Input ; Info     ; Stuck at GND            ;
; overflow ; Input ; Info     ; Stuck at GND            ;
+----------+-------+----------+-------------------------+


+-------------------------------------------------------+
; Port Connectivity Checks: "conversorHex7Seg:DISPLAY4" ;
+----------+-------+----------+-------------------------+
; Port     ; Type  ; Severity ; Details                 ;
+----------+-------+----------+-------------------------+
; apaga    ; Input ; Info     ; Stuck at GND            ;
; negativo ; Input ; Info     ; Stuck at GND            ;
; overflow ; Input ; Info     ; Stuck at GND            ;
+----------+-------+----------+-------------------------+


+-------------------------------------------------------+
; Port Connectivity Checks: "conversorHex7Seg:DISPLAY3" ;
+----------+-------+----------+-------------------------+
; Port     ; Type  ; Severity ; Details                 ;
+----------+-------+----------+-------------------------+
; apaga    ; Input ; Info     ; Stuck at GND            ;
; negativo ; Input ; Info     ; Stuck at GND            ;
; overflow ; Input ; Info     ; Stuck at GND            ;
+----------+-------+----------+-------------------------+


+-------------------------------------------------------+
; Port Connectivity Checks: "conversorHex7Seg:DISPLAY2" ;
+----------+-------+----------+-------------------------+
; Port     ; Type  ; Severity ; Details                 ;
+----------+-------+----------+-------------------------+
; apaga    ; Input ; Info     ; Stuck at GND            ;
; negativo ; Input ; Info     ; Stuck at GND            ;
; overflow ; Input ; Info     ; Stuck at GND            ;
+----------+-------+----------+-------------------------+


+-------------------------------------------------------+
; Port Connectivity Checks: "conversorHex7Seg:DISPLAY1" ;
+----------+-------+----------+-------------------------+
; Port     ; Type  ; Severity ; Details                 ;
+----------+-------+----------+-------------------------+
; apaga    ; Input ; Info     ; Stuck at GND            ;
; negativo ; Input ; Info     ; Stuck at GND            ;
; overflow ; Input ; Info     ; Stuck at GND            ;
+----------+-------+----------+-------------------------+


+-------------------------------------------------------+
; Port Connectivity Checks: "conversorHex7Seg:DISPLAY0" ;
+----------+-------+----------+-------------------------+
; Port     ; Type  ; Severity ; Details                 ;
+----------+-------+----------+-------------------------+
; apaga    ; Input ; Info     ; Stuck at GND            ;
; negativo ; Input ; Info     ; Stuck at GND            ;
; overflow ; Input ; Info     ; Stuck at GND            ;
+----------+-------+----------+-------------------------+


+----------------------------------------------------------------------------------------------+
; Port Connectivity Checks: "divisorGenerico_e_Interface:BaseTempo|flipFlop:registraUmSegundo" ;
+--------+-------+----------+------------------------------------------------------------------+
; Port   ; Type  ; Severity ; Details                                                          ;
+--------+-------+----------+------------------------------------------------------------------+
; din    ; Input ; Info     ; Stuck at VCC                                                     ;
; enable ; Input ; Info     ; Stuck at VCC                                                     ;
+--------+-------+----------+------------------------------------------------------------------+


+----------------------------------------------------------------------------------------------------------------------------------+
; Port Connectivity Checks: "divisorGenerico_e_Interface:BaseTempo"                                                                ;
+------------------------+--------+----------+-------------------------------------------------------------------------------------+
; Port                   ; Type   ; Severity ; Details                                                                             ;
+------------------------+--------+----------+-------------------------------------------------------------------------------------+
; leituraumsegundo[7..4] ; Output ; Info     ; Connected to dangling logic. Logic that only feeds a dangling port will be removed. ;
+------------------------+--------+----------+-------------------------------------------------------------------------------------+


+--------------------------------------------------------------+
; Port Connectivity Checks: "registradorGenerico:REG_HOUR_TEN" ;
+------+-------+----------+------------------------------------+
; Port ; Type  ; Severity ; Details                            ;
+------+-------+----------+------------------------------------+
; rst  ; Input ; Info     ; Stuck at GND                       ;
+------+-------+----------+------------------------------------+


+---------------------------------------------------------------+
; Port Connectivity Checks: "registradorGenerico:REG_HOUR_UNIT" ;
+------+-------+----------+-------------------------------------+
; Port ; Type  ; Severity ; Details                             ;
+------+-------+----------+-------------------------------------+
; rst  ; Input ; Info     ; Stuck at GND                        ;
+------+-------+----------+-------------------------------------+


+----------------------------------------------------------------+
; Port Connectivity Checks: "registradorGenerico:REG_MINUTE_TEN" ;
+------+-------+----------+--------------------------------------+
; Port ; Type  ; Severity ; Details                              ;
+------+-------+----------+--------------------------------------+
; rst  ; Input ; Info     ; Stuck at GND                         ;
+------+-------+----------+--------------------------------------+


+-----------------------------------------------------------------+
; Port Connectivity Checks: "registradorGenerico:REG_MINUTE_UNIT" ;
+------+-------+----------+---------------------------------------+
; Port ; Type  ; Severity ; Details                               ;
+------+-------+----------+---------------------------------------+
; rst  ; Input ; Info     ; Stuck at GND                          ;
+------+-------+----------+---------------------------------------+


+----------------------------------------------------------------+
; Port Connectivity Checks: "registradorGenerico:REG_SECOND_TEN" ;
+------+-------+----------+--------------------------------------+
; Port ; Type  ; Severity ; Details                              ;
+------+-------+----------+--------------------------------------+
; rst  ; Input ; Info     ; Stuck at GND                         ;
+------+-------+----------+--------------------------------------+


+-----------------------------------------------------------------+
; Port Connectivity Checks: "registradorGenerico:REG_SECOND_UNIT" ;
+------+-------+----------+---------------------------------------+
; Port ; Type  ; Severity ; Details                               ;
+------+-------+----------+---------------------------------------+
; rst  ; Input ; Info     ; Stuck at GND                          ;
+------+-------+----------+---------------------------------------+


+--------------------------------------------------------------------------------------------------------------------------+
; Port Connectivity Checks: "decoder:Decoder"                                                                              ;
+----------------+--------+----------+-------------------------------------------------------------------------------------+
; Port           ; Type   ; Severity ; Details                                                                             ;
+----------------+--------+----------+-------------------------------------------------------------------------------------+
; enableswitches ; Output ; Info     ; Connected to dangling logic. Logic that only feeds a dangling port will be removed. ;
; enablebuttons  ; Output ; Info     ; Connected to dangling logic. Logic that only feeds a dangling port will be removed. ;
+----------------+--------+----------+-------------------------------------------------------------------------------------+


+--------------------------------------------------------------------------------------------------------------------------+
; Port Connectivity Checks: "memoriaRAM:RAM"                                                                               ;
+----------------+--------+----------+-------------------------------------------------------------------------------------+
; Port           ; Type   ; Severity ; Details                                                                             ;
+----------------+--------+----------+-------------------------------------------------------------------------------------+
; dado_out[7..4] ; Output ; Info     ; Connected to dangling logic. Logic that only feeds a dangling port will be removed. ;
+----------------+--------+----------+-------------------------------------------------------------------------------------+


+-------------------------------------------------------------------------------+
; Port Connectivity Checks: "processador:Processador|flipFlop:flagZeroFlipFlop" ;
+------+-------+----------+-----------------------------------------------------+
; Port ; Type  ; Severity ; Details                                             ;
+------+-------+----------+-----------------------------------------------------+
; rst  ; Input ; Info     ; Stuck at GND                                        ;
+------+-------+----------+-----------------------------------------------------+


+----------------------------------------------------------------------------------------------------------------------------------+
; Port Connectivity Checks: "processador:Processador|unidControl:UNIDCONTROLE"                                                     ;
+------------------------+--------+----------+-------------------------------------------------------------------------------------+
; Port                   ; Type   ; Severity ; Details                                                                             ;
+------------------------+--------+----------+-------------------------------------------------------------------------------------+
; pontosdecontrole[8..3] ; Output ; Info     ; Connected to dangling logic. Logic that only feeds a dangling port will be removed. ;
; pontosdecontrole[1..0] ; Output ; Info     ; Connected to dangling logic. Logic that only feeds a dangling port will be removed. ;
+------------------------+--------+----------+-------------------------------------------------------------------------------------+


+----------------------------------------------------------------------------------------------------------------+
; Port Connectivity Checks: "processador:Processador|memoriaROM:ROM"                                             ;
+------+--------+----------+-------------------------------------------------------------------------------------+
; Port ; Type   ; Severity ; Details                                                                             ;
+------+--------+----------+-------------------------------------------------------------------------------------+
; dado ; Output ; Info     ; Connected to dangling logic. Logic that only feeds a dangling port will be removed. ;
+------+--------+----------+-------------------------------------------------------------------------------------+


+----------------------------------------------------------------------------+
; Port Connectivity Checks: "processador:Processador|registradorGenerico:PC" ;
+--------+-------+----------+------------------------------------------------+
; Port   ; Type  ; Severity ; Details                                        ;
+--------+-------+----------+------------------------------------------------+
; enable ; Input ; Info     ; Stuck at VCC                                   ;
; rst    ; Input ; Info     ; Stuck at GND                                   ;
+--------+-------+----------+------------------------------------------------+


+-------------------------------------------------------------------------------------------------------------------------+
; Port Connectivity Checks: "processador:Processador"                                                                     ;
+---------------+--------+----------+-------------------------------------------------------------------------------------+
; Port          ; Type   ; Severity ; Details                                                                             ;
+---------------+--------+----------+-------------------------------------------------------------------------------------+
; address[7]    ; Output ; Info     ; Connected to dangling logic. Logic that only feeds a dangling port will be removed. ;
; dataout[7..4] ; Output ; Info     ; Connected to dangling logic. Logic that only feeds a dangling port will be removed. ;
+---------------+--------+----------+-------------------------------------------------------------------------------------+


+---------------------------------+
; Analysis & Elaboration Messages ;
+---------------------------------+
Info: *******************************************************************
Info: Running Quartus Prime Analysis & Elaboration
    Info: Version 20.1.0 Build 711 06/05/2020 SJ Lite Edition
    Info: Processing started: Sun Oct 18 22:32:01 2020
Info: Command: quartus_map --read_settings_files=on --write_settings_files=off relogio -c relogio --analysis_and_elaboration
Warning (18236): Number of processors has not been specified which may cause overloading on shared machines.  Set the global assignment NUM_PARALLEL_PROCESSORS in your QSF to an appropriate value for best performance.
Info (20030): Parallel compilation is enabled and will use 2 of the 2 processors detected
Info (12021): Found 2 design units, including 1 entities, in source file Components/ULA.vhd
    Info (12022): Found design unit 1: ULA-comportamento File: /home/borg/Documents/relogio/Projeto/Components/ULA.vhd Line: 19
    Info (12023): Found entity 1: ULA File: /home/borg/Documents/relogio/Projeto/Components/ULA.vhd Line: 5
Info (12021): Found 2 design units, including 1 entities, in source file Components/somadorGenerico.vhd
    Info (12022): Found design unit 1: somadorGenerico-comportamento File: /home/borg/Documents/relogio/Projeto/Components/somadorGenerico.vhd Line: 17
    Info (12023): Found entity 1: somadorGenerico File: /home/borg/Documents/relogio/Projeto/Components/somadorGenerico.vhd Line: 5
Info (12021): Found 2 design units, including 1 entities, in source file Components/registradorGenerico.vhd
    Info (12022): Found design unit 1: registradorGenerico-comportamento File: /home/borg/Documents/relogio/Projeto/Components/registradorGenerico.vhd Line: 15
    Info (12023): Found entity 1: registradorGenerico File: /home/borg/Documents/relogio/Projeto/Components/registradorGenerico.vhd Line: 4
Info (12021): Found 2 design units, including 1 entities, in source file Components/muxGenerico2x1.vhd
    Info (12022): Found design unit 1: muxGenerico2x1-comportamento File: /home/borg/Documents/relogio/Projeto/Components/muxGenerico2x1.vhd Line: 14
    Info (12023): Found entity 1: muxGenerico2x1 File: /home/borg/Documents/relogio/Projeto/Components/muxGenerico2x1.vhd Line: 4
Info (12021): Found 2 design units, including 1 entities, in source file Components/memoriaROM.vhd
    Info (12022): Found design unit 1: memoriaROM-assincrona File: /home/borg/Documents/relogio/Projeto/Components/memoriaROM.vhd Line: 16
    Info (12023): Found entity 1: memoriaROM File: /home/borg/Documents/relogio/Projeto/Components/memoriaROM.vhd Line: 5
Info (12021): Found 2 design units, including 1 entities, in source file Components/memoriaRAM.vhd
    Info (12022): Found design unit 1: memoriaRAM-rtl File: /home/borg/Documents/relogio/Projeto/Components/memoriaRAM.vhd Line: 21
    Info (12023): Found entity 1: memoriaRAM File: /home/borg/Documents/relogio/Projeto/Components/memoriaRAM.vhd Line: 5
Info (12021): Found 2 design units, including 1 entities, in source file Components/flipFlop.vhd
    Info (12022): Found design unit 1: flipFlop-comportamento File: /home/borg/Documents/relogio/Projeto/Components/flipFlop.vhd Line: 16
    Info (12023): Found entity 1: flipFlop File: /home/borg/Documents/relogio/Projeto/Components/flipFlop.vhd Line: 4
Info (12021): Found 2 design units, including 1 entities, in source file Components/divisorGenerico_e_Interface.vhd
    Info (12022): Found design unit 1: divisorGenerico_e_Interface-interface File: /home/borg/Documents/relogio/Projeto/Components/divisorGenerico_e_Interface.vhd Line: 14
    Info (12023): Found entity 1: divisorGenerico_e_Interface File: /home/borg/Documents/relogio/Projeto/Components/divisorGenerico_e_Interface.vhd Line: 5
Info (12021): Found 2 design units, including 1 entities, in source file Components/divisorGenerico.vhd
    Info (12022): Found design unit 1: divisorGenerico-divInteiro File: /home/borg/Documents/relogio/Projeto/Components/divisorGenerico.vhd Line: 15
    Info (12023): Found entity 1: divisorGenerico File: /home/borg/Documents/relogio/Projeto/Components/divisorGenerico.vhd Line: 5
Info (12021): Found 2 design units, including 1 entities, in source file Components/conversorHex7Seg.vhd
    Info (12022): Found design unit 1: conversorHex7Seg-comportamento File: /home/borg/Documents/relogio/Projeto/Components/conversorHex7Seg.vhd Line: 17
    Info (12023): Found entity 1: conversorHex7Seg File: /home/borg/Documents/relogio/Projeto/Components/conversorHex7Seg.vhd Line: 4
Info (12021): Found 2 design units, including 1 entities, in source file Components/bancoRegistradoresArqRegMem.vhd
    Info (12022): Found design unit 1: bancoRegistradoresArqRegMem-comportamento File: /home/borg/Documents/relogio/Projeto/Components/bancoRegistradoresArqRegMem.vhd Line: 23
    Info (12023): Found entity 1: bancoRegistradoresArqRegMem File: /home/borg/Documents/relogio/Projeto/Components/bancoRegistradoresArqRegMem.vhd Line: 5
Info (12021): Found 2 design units, including 1 entities, in source file Components/unidControl.vhd
    Info (12022): Found design unit 1: unidControl-comportamento File: /home/borg/Documents/relogio/Projeto/Components/unidControl.vhd Line: 17
    Info (12023): Found entity 1: unidControl File: /home/borg/Documents/relogio/Projeto/Components/unidControl.vhd Line: 5
Info (12021): Found 2 design units, including 1 entities, in source file processador.vhd
    Info (12022): Found design unit 1: processador-comportamento File: /home/borg/Documents/relogio/Projeto/processador.vhd Line: 31
    Info (12023): Found entity 1: processador File: /home/borg/Documents/relogio/Projeto/processador.vhd Line: 5
Info (12021): Found 2 design units, including 1 entities, in source file Components/somaConstante.vhd
    Info (12022): Found design unit 1: somaConstante-comportamento File: /home/borg/Documents/relogio/Projeto/Components/somaConstante.vhd Line: 16
    Info (12023): Found entity 1: somaConstante File: /home/borg/Documents/relogio/Projeto/Components/somaConstante.vhd Line: 5
Info (12021): Found 2 design units, including 1 entities, in source file relogio.vhd
    Info (12022): Found design unit 1: relogio-comportamento File: /home/borg/Documents/relogio/Projeto/relogio.vhd Line: 22
    Info (12023): Found entity 1: relogio File: /home/borg/Documents/relogio/Projeto/relogio.vhd Line: 4
Info (12021): Found 2 design units, including 1 entities, in source file Components/decoder.vhd
    Info (12022): Found design unit 1: decoder-comportamento File: /home/borg/Documents/relogio/Projeto/Components/decoder.vhd Line: 20
    Info (12023): Found entity 1: decoder File: /home/borg/Documents/relogio/Projeto/Components/decoder.vhd Line: 5
Info (12021): Found 2 design units, including 1 entities, in source file Components/switches.vhd
    Info (12022): Found design unit 1: switches-interface File: /home/borg/Documents/relogio/Projeto/Components/switches.vhd Line: 13
    Info (12023): Found entity 1: switches File: /home/borg/Documents/relogio/Projeto/Components/switches.vhd Line: 5
Info (12021): Found 2 design units, including 1 entities, in source file Components/buttons.vhd
    Info (12022): Found design unit 1: buttons-interface File: /home/borg/Documents/relogio/Projeto/Components/buttons.vhd Line: 13
    Info (12023): Found entity 1: buttons File: /home/borg/Documents/relogio/Projeto/Components/buttons.vhd Line: 5
Info (12127): Elaborating entity "relogio" for the top level hierarchy
Warning (10541): VHDL Signal Declaration warning at relogio.vhd(34): used implicit default value for signal "enableSwitches" because signal was never assigned a value or an explicit default value. Use of implicit default value may introduce unintended design optimizations. File: /home/borg/Documents/relogio/Projeto/relogio.vhd Line: 34
Warning (10541): VHDL Signal Declaration warning at relogio.vhd(35): used implicit default value for signal "enableButtons" because signal was never assigned a value or an explicit default value. Use of implicit default value may introduce unintended design optimizations. File: /home/borg/Documents/relogio/Projeto/relogio.vhd Line: 35
Info (12128): Elaborating entity "processador" for hierarchy "processador:Processador" File: /home/borg/Documents/relogio/Projeto/relogio.vhd Line: 44
Warning (10541): VHDL Signal Declaration warning at processador.vhd(20): used implicit default value for signal "address" because signal was never assigned a value or an explicit default value. Use of implicit default value may introduce unintended design optimizations. File: /home/borg/Documents/relogio/Projeto/processador.vhd Line: 20
Warning (10541): VHDL Signal Declaration warning at processador.vhd(21): used implicit default value for signal "dataOut" because signal was never assigned a value or an explicit default value. Use of implicit default value may introduce unintended design optimizations. File: /home/borg/Documents/relogio/Projeto/processador.vhd Line: 21
Warning (10541): VHDL Signal Declaration warning at processador.vhd(22): used implicit default value for signal "writeRam" because signal was never assigned a value or an explicit default value. Use of implicit default value may introduce unintended design optimizations. File: /home/borg/Documents/relogio/Projeto/processador.vhd Line: 22
Warning (10541): VHDL Signal Declaration warning at processador.vhd(23): used implicit default value for signal "readRam" because signal was never assigned a value or an explicit default value. Use of implicit default value may introduce unintended design optimizations. File: /home/borg/Documents/relogio/Projeto/processador.vhd Line: 23
Warning (10541): VHDL Signal Declaration warning at processador.vhd(39): used implicit default value for signal "barramentoSignal" because signal was never assigned a value or an explicit default value. Use of implicit default value may introduce unintended design optimizations. File: /home/borg/Documents/relogio/Projeto/processador.vhd Line: 39
Warning (10036): Verilog HDL or VHDL warning at processador.vhd(45): object "instrucao" assigned a value but never read File: /home/borg/Documents/relogio/Projeto/processador.vhd Line: 45
Warning (10541): VHDL Signal Declaration warning at processador.vhd(46): used implicit default value for signal "pontosDeControleSignal" because signal was never assigned a value or an explicit default value. Use of implicit default value may introduce unintended design optimizations. File: /home/borg/Documents/relogio/Projeto/processador.vhd Line: 46
Info (12128): Elaborating entity "registradorGenerico" for hierarchy "processador:Processador|registradorGenerico:PC" File: /home/borg/Documents/relogio/Projeto/processador.vhd Line: 66
Info (12128): Elaborating entity "muxGenerico2x1" for hierarchy "processador:Processador|muxGenerico2x1:MuxPC" File: /home/borg/Documents/relogio/Projeto/processador.vhd Line: 78
Info (12128): Elaborating entity "somaConstante" for hierarchy "processador:Processador|somaConstante:somaUm" File: /home/borg/Documents/relogio/Projeto/processador.vhd Line: 90
Info (12128): Elaborating entity "memoriaROM" for hierarchy "processador:Processador|memoriaROM:ROM" File: /home/borg/Documents/relogio/Projeto/processador.vhd Line: 100
Info (12128): Elaborating entity "unidControl" for hierarchy "processador:Processador|unidControl:UNIDCONTROLE" File: /home/borg/Documents/relogio/Projeto/processador.vhd Line: 110
Info (12128): Elaborating entity "bancoRegistradoresArqRegMem" for hierarchy "processador:Processador|bancoRegistradoresArqRegMem:BancoRegistradores" File: /home/borg/Documents/relogio/Projeto/processador.vhd Line: 129
Info (12128): Elaborating entity "ULA" for hierarchy "processador:Processador|ULA:ULA" File: /home/borg/Documents/relogio/Projeto/processador.vhd Line: 143
Info (12128): Elaborating entity "flipFlop" for hierarchy "processador:Processador|flipFlop:flagZeroFlipFlop" File: /home/borg/Documents/relogio/Projeto/processador.vhd Line: 155
Info (12128): Elaborating entity "memoriaRAM" for hierarchy "memoriaRAM:RAM" File: /home/borg/Documents/relogio/Projeto/relogio.vhd Line: 56
Info (12128): Elaborating entity "decoder" for hierarchy "decoder:Decoder" File: /home/borg/Documents/relogio/Projeto/relogio.vhd Line: 72
Info (12128): Elaborating entity "registradorGenerico" for hierarchy "registradorGenerico:REG_SECOND_UNIT" File: /home/borg/Documents/relogio/Projeto/relogio.vhd Line: 87
Info (12128): Elaborating entity "divisorGenerico_e_Interface" for hierarchy "divisorGenerico_e_Interface:BaseTempo" File: /home/borg/Documents/relogio/Projeto/relogio.vhd Line: 155
Info (12128): Elaborating entity "divisorGenerico" for hierarchy "divisorGenerico_e_Interface:BaseTempo|divisorGenerico:baseTempo" File: /home/borg/Documents/relogio/Projeto/Components/divisorGenerico_e_Interface.vhd Line: 19
Info (12128): Elaborating entity "divisorGenerico" for hierarchy "divisorGenerico_e_Interface:BaseTempo|divisorGenerico:baseTempoRapido" File: /home/borg/Documents/relogio/Projeto/Components/divisorGenerico_e_Interface.vhd Line: 27
Info (12128): Elaborating entity "switches" for hierarchy "switches:SWITCHES" File: /home/borg/Documents/relogio/Projeto/relogio.vhd Line: 164
Info (12128): Elaborating entity "buttons" for hierarchy "buttons:BUTTONS" File: /home/borg/Documents/relogio/Projeto/relogio.vhd Line: 170
Info (12128): Elaborating entity "conversorHex7Seg" for hierarchy "conversorHex7Seg:DISPLAY0" File: /home/borg/Documents/relogio/Projeto/relogio.vhd Line: 179
Info: Quartus Prime Analysis & Elaboration was successful. 0 errors, 10 warnings
    Info: Peak virtual memory: 819 megabytes
    Info: Processing ended: Sun Oct 18 22:32:12 2020
    Info: Elapsed time: 00:00:11
    Info: Total CPU time (on all processors): 00:00:24


